DxXBGYVIIoN5Dem9AAAA Connect at Date : Tue Dec 19 2017 18:21:18 GMT+0100 (CET) 18 H 21 M 18 S 170 ms
lw8A3i2rYduTLUFIAAAA Connect at Date : Tue Dec 19 2017 18:21:18 GMT+0100 (CET) 18 H 21 M 18 S 221 ms
fQps_J-CZSpS3N_jAAAB Connect at Date : Tue Dec 19 2017 18:21:18 GMT+0100 (CET) 18 H 21 M 18 S 650 ms
S2fp-XJ0XCOuUSBSAAAC Connect at Date : Tue Dec 19 2017 18:21:18 GMT+0100 (CET) 18 H 21 M 18 S 805 ms
OLA5ksu7qHqo9__QAAAD Connect at Date : Tue Dec 19 2017 18:21:18 GMT+0100 (CET) 18 H 21 M 18 S 836 ms
zkEx22wWINAGZFp1AAAE Connect at Date : Tue Dec 19 2017 18:21:18 GMT+0100 (CET) 18 H 21 M 18 S 975 ms
-ENd8x3SYDL1MD9xAAAF Connect at Date : Tue Dec 19 2017 18:21:19 GMT+0100 (CET) 18 H 21 M 19 S 21 ms
User all Page page('bisous') Tue Dec 19 2017 18:21:21 GMT+0100 (CET) 18 H 21 M 21 S 714 ms
User all Page page('blanc') Tue Dec 19 2017 18:21:23 GMT+0100 (CET) 18 H 21 M 23 S 909 ms
vzRGudA8wgZdF_viAAAB Connect at Date : Tue Dec 19 2017 18:21:37 GMT+0100 (CET) 18 H 21 M 37 S 219 ms
vzRGudA8wgZdF_viAAAB Data : init_appli Date : Tue Dec 19 2017 18:21:37 GMT+0100 (CET) 18 H 21 M 37 S 925 ms
vzRGudA8wgZdF_viAAAB Data : soundtest Date : Tue Dec 19 2017 18:21:39 GMT+0100 (CET) 18 H 21 M 39 S 113 ms
lw8A3i2rYduTLUFIAAAA Disonnect at Date : Tue Dec 19 2017 18:22:13 GMT+0100 (CET) 18 H 22 M 13 S 917 ms
OLA5ksu7qHqo9__QAAAD Disonnect at Date : Tue Dec 19 2017 18:22:13 GMT+0100 (CET) 18 H 22 M 13 S 917 ms
fQps_J-CZSpS3N_jAAAB Disonnect at Date : Tue Dec 19 2017 18:22:13 GMT+0100 (CET) 18 H 22 M 13 S 917 ms
vkt8m2GdF3I-tyckAAAG Connect at Date : Tue Dec 19 2017 18:22:26 GMT+0100 (CET) 18 H 22 M 26 S 726 ms
gG1ETWQZHiEBl58oAAAH Connect at Date : Tue Dec 19 2017 18:22:28 GMT+0100 (CET) 18 H 22 M 28 S 664 ms
SLrgKpwPpmiYG5STAAAI Connect at Date : Tue Dec 19 2017 18:22:45 GMT+0100 (CET) 18 H 22 M 45 S 459 ms
BUsr_fs1yFQHfqd-AAAJ Connect at Date : Tue Dec 19 2017 18:22:49 GMT+0100 (CET) 18 H 22 M 49 S 967 ms
vkt8m2GdF3I-tyckAAAG Disonnect at Date : Tue Dec 19 2017 18:23:16 GMT+0100 (CET) 18 H 23 M 16 S 939 ms
iNqgh938soYJqArVAAAK Connect at Date : Tue Dec 19 2017 18:23:19 GMT+0100 (CET) 18 H 23 M 19 S 39 ms
gG1ETWQZHiEBl58oAAAH Disonnect at Date : Tue Dec 19 2017 18:23:19 GMT+0100 (CET) 18 H 23 M 19 S 273 ms
SLrgKpwPpmiYG5STAAAI Disonnect at Date : Tue Dec 19 2017 18:23:36 GMT+0100 (CET) 18 H 23 M 36 S 645 ms
iNqgh938soYJqArVAAAK Disonnect at Date : Tue Dec 19 2017 18:24:02 GMT+0100 (CET) 18 H 24 M 2 S 231 ms
sZx5SsjsZbUU5kSiAAAL Connect at Date : Tue Dec 19 2017 18:24:02 GMT+0100 (CET) 18 H 24 M 2 S 509 ms
ilwAHs5QJEhiUdYtAAAM Connect at Date : Tue Dec 19 2017 18:24:06 GMT+0100 (CET) 18 H 24 M 6 S 471 ms
ilwAHs5QJEhiUdYtAAAM Data : init_appli Date : Tue Dec 19 2017 18:24:16 GMT+0100 (CET) 18 H 24 M 16 S 975 ms
fm5z1d07neSehTlWAAAN Connect at Date : Tue Dec 19 2017 18:24:40 GMT+0100 (CET) 18 H 24 M 40 S 865 ms
sZx5SsjsZbUU5kSiAAAL Disonnect at Date : Tue Dec 19 2017 18:24:52 GMT+0100 (CET) 18 H 24 M 52 S 922 ms
BUsr_fs1yFQHfqd-AAAJ Disonnect at Date : Tue Dec 19 2017 18:24:55 GMT+0100 (CET) 18 H 24 M 55 S 185 ms
RbihGswO5ROxKH02AAAO Connect at Date : Tue Dec 19 2017 18:24:58 GMT+0100 (CET) 18 H 24 M 58 S 870 ms
U-7xL3JhSe-aZ4dMAAAP Connect at Date : Tue Dec 19 2017 18:25:00 GMT+0100 (CET) 18 H 25 M 0 S 722 ms
RbihGswO5ROxKH02AAAO Data : init_appli Date : Tue Dec 19 2017 18:25:01 GMT+0100 (CET) 18 H 25 M 1 S 858 ms
RbihGswO5ROxKH02AAAO Data : soundtest Date : Tue Dec 19 2017 18:25:05 GMT+0100 (CET) 18 H 25 M 5 S 477 ms
fm5z1d07neSehTlWAAAN Data : init_appli Date : Tue Dec 19 2017 18:25:11 GMT+0100 (CET) 18 H 25 M 11 S 4 ms
6qZ4XtGKQyZ4_qnUAAAQ Connect at Date : Tue Dec 19 2017 18:25:13 GMT+0100 (CET) 18 H 25 M 13 S 789 ms
fm5z1d07neSehTlWAAAN Data : soundtest Date : Tue Dec 19 2017 18:25:13 GMT+0100 (CET) 18 H 25 M 13 S 829 ms
RbihGswO5ROxKH02AAAO Data : acces_site Date : Tue Dec 19 2017 18:25:25 GMT+0100 (CET) 18 H 25 M 25 S 92 ms
07i33Br6exQiuEqEAAAR Connect at Date : Tue Dec 19 2017 18:25:25 GMT+0100 (CET) 18 H 25 M 25 S 759 ms
07i33Br6exQiuEqEAAAR Data : init_appli Date : Tue Dec 19 2017 18:25:28 GMT+0100 (CET) 18 H 25 M 28 S 233 ms
07i33Br6exQiuEqEAAAR Data : soundtest Date : Tue Dec 19 2017 18:25:29 GMT+0100 (CET) 18 H 25 M 29 S 986 ms
ucB7u_LeAMSduPZdAAAS Connect at Date : Tue Dec 19 2017 18:25:33 GMT+0100 (CET) 18 H 25 M 33 S 536 ms
ucB7u_LeAMSduPZdAAAS Data : init_appli Date : Tue Dec 19 2017 18:25:36 GMT+0100 (CET) 18 H 25 M 36 S 627 ms
BhLIoNb0BTkyYNvFAAAT Connect at Date : Tue Dec 19 2017 18:25:37 GMT+0100 (CET) 18 H 25 M 37 S 109 ms
ucB7u_LeAMSduPZdAAAS Data : soundtest Date : Tue Dec 19 2017 18:25:40 GMT+0100 (CET) 18 H 25 M 40 S 240 ms
0rAswYOR_ikSyeSMAAAU Connect at Date : Tue Dec 19 2017 18:25:42 GMT+0100 (CET) 18 H 25 M 42 S 718 ms
07i33Br6exQiuEqEAAAR Data : soundtest Date : Tue Dec 19 2017 18:25:47 GMT+0100 (CET) 18 H 25 M 47 S 286 ms
RbihGswO5ROxKH02AAAO Disonnect at Date : Tue Dec 19 2017 18:25:48 GMT+0100 (CET) 18 H 25 M 48 S 30 ms
ahYDu9Vo8Ru5zMwIAAAV Connect at Date : Tue Dec 19 2017 18:25:52 GMT+0100 (CET) 18 H 25 M 52 S 863 ms
J9PRq4tDk_NFyjbfAAAW Connect at Date : Tue Dec 19 2017 18:25:57 GMT+0100 (CET) 18 H 25 M 57 S 434 ms
XlQZJlGybqi6mTISAAAX Connect at Date : Tue Dec 19 2017 18:25:57 GMT+0100 (CET) 18 H 25 M 57 S 975 ms
07i33Br6exQiuEqEAAAR Data : acces_site Date : Tue Dec 19 2017 18:25:58 GMT+0100 (CET) 18 H 25 M 58 S 129 ms
ahYDu9Vo8Ru5zMwIAAAV Data : init_appli Date : Tue Dec 19 2017 18:25:59 GMT+0100 (CET) 18 H 25 M 59 S 668 ms
XlQZJlGybqi6mTISAAAX Data : init_appli Date : Tue Dec 19 2017 18:26:00 GMT+0100 (CET) 18 H 26 M 0 S 771 ms
Ye1ILS7vb5GbLgUzAAAY Connect at Date : Tue Dec 19 2017 18:26:03 GMT+0100 (CET) 18 H 26 M 3 S 257 ms
XlQZJlGybqi6mTISAAAX Data : soundtest Date : Tue Dec 19 2017 18:26:03 GMT+0100 (CET) 18 H 26 M 3 S 396 ms
6qZ4XtGKQyZ4_qnUAAAQ Disonnect at Date : Tue Dec 19 2017 18:26:04 GMT+0100 (CET) 18 H 26 M 4 S 44 ms
07i33Br6exQiuEqEAAAR Disonnect at Date : Tue Dec 19 2017 18:26:04 GMT+0100 (CET) 18 H 26 M 4 S 944 ms
UV9ZaVTkQIJxNg2nAAAZ Connect at Date : Tue Dec 19 2017 18:26:05 GMT+0100 (CET) 18 H 26 M 5 S 681 ms
UV9ZaVTkQIJxNg2nAAAZ Data : init_appli Date : Tue Dec 19 2017 18:26:07 GMT+0100 (CET) 18 H 26 M 7 S 960 ms
ahYDu9Vo8Ru5zMwIAAAV Data : soundtest Date : Tue Dec 19 2017 18:26:09 GMT+0100 (CET) 18 H 26 M 9 S 412 ms
b5jpu7QK60HYQml7AAAa Connect at Date : Tue Dec 19 2017 18:26:10 GMT+0100 (CET) 18 H 26 M 10 S 301 ms
b5jpu7QK60HYQml7AAAa Data : init_appli Date : Tue Dec 19 2017 18:26:11 GMT+0100 (CET) 18 H 26 M 11 S 568 ms
b5jpu7QK60HYQml7AAAa Data : acces_site Date : Tue Dec 19 2017 18:26:12 GMT+0100 (CET) 18 H 26 M 12 S 947 ms
ahYDu9Vo8Ru5zMwIAAAV Data : acces_site Date : Tue Dec 19 2017 18:26:13 GMT+0100 (CET) 18 H 26 M 13 S 634 ms
0rAswYOR_ikSyeSMAAAU Data : init_appli Date : Tue Dec 19 2017 18:26:19 GMT+0100 (CET) 18 H 26 M 19 S 686 ms
Ye1ILS7vb5GbLgUzAAAY Data : init_appli Date : Tue Dec 19 2017 18:26:20 GMT+0100 (CET) 18 H 26 M 20 S 846 ms
0rAswYOR_ikSyeSMAAAU Data : soundtest Date : Tue Dec 19 2017 18:26:21 GMT+0100 (CET) 18 H 26 M 21 S 344 ms
TWzrzpgiYYOAyMTPAAAb Connect at Date : Tue Dec 19 2017 18:26:23 GMT+0100 (CET) 18 H 26 M 23 S 627 ms
BhLIoNb0BTkyYNvFAAAT Data : init_appli Date : Tue Dec 19 2017 18:26:25 GMT+0100 (CET) 18 H 26 M 25 S 882 ms
U-7xL3JhSe-aZ4dMAAAP Data : init_appli Date : Tue Dec 19 2017 18:26:26 GMT+0100 (CET) 18 H 26 M 26 S 349 ms
TWzrzpgiYYOAyMTPAAAb Data : init_appli Date : Tue Dec 19 2017 18:26:26 GMT+0100 (CET) 18 H 26 M 26 S 422 ms
BhLIoNb0BTkyYNvFAAAT Data : soundtest Date : Tue Dec 19 2017 18:26:27 GMT+0100 (CET) 18 H 26 M 27 S 807 ms
6EtpUVgqLY_Pw-a_AAAc Connect at Date : Tue Dec 19 2017 18:26:33 GMT+0100 (CET) 18 H 26 M 33 S 85 ms
BhLIoNb0BTkyYNvFAAAT Data : acces_site Date : Tue Dec 19 2017 18:26:33 GMT+0100 (CET) 18 H 26 M 33 S 569 ms
0rAswYOR_ikSyeSMAAAU Data : acces_site Date : Tue Dec 19 2017 18:26:35 GMT+0100 (CET) 18 H 26 M 35 S 705 ms
U-7xL3JhSe-aZ4dMAAAP Data : soundtest Date : Tue Dec 19 2017 18:26:40 GMT+0100 (CET) 18 H 26 M 40 S 968 ms
XlQZJlGybqi6mTISAAAX Data : soundtest Date : Tue Dec 19 2017 18:26:41 GMT+0100 (CET) 18 H 26 M 41 S 11 ms
XlQZJlGybqi6mTISAAAX Data : acces_site Date : Tue Dec 19 2017 18:26:41 GMT+0100 (CET) 18 H 26 M 41 S 683 ms
Ye1ILS7vb5GbLgUzAAAY Data : soundtest Date : Tue Dec 19 2017 18:26:45 GMT+0100 (CET) 18 H 26 M 45 S 525 ms
U-7xL3JhSe-aZ4dMAAAP Data : acces_site Date : Tue Dec 19 2017 18:26:47 GMT+0100 (CET) 18 H 26 M 47 S 167 ms
g42lqcKh0Hpzm6SDAAAd Connect at Date : Tue Dec 19 2017 18:26:47 GMT+0100 (CET) 18 H 26 M 47 S 952 ms
etac2XbolhGG_yNyAAAe Connect at Date : Tue Dec 19 2017 18:26:52 GMT+0100 (CET) 18 H 26 M 52 S 627 ms
b5jpu7QK60HYQml7AAAa Disonnect at Date : Tue Dec 19 2017 18:26:56 GMT+0100 (CET) 18 H 26 M 56 S 967 ms
maNlT5vOzgMseyLOAAAf Connect at Date : Tue Dec 19 2017 18:26:57 GMT+0100 (CET) 18 H 26 M 57 S 194 ms
maNlT5vOzgMseyLOAAAf Data : init_appli Date : Tue Dec 19 2017 18:26:58 GMT+0100 (CET) 18 H 26 M 58 S 623 ms
D9WjW2JkhlYhA0BjAAAg Connect at Date : Tue Dec 19 2017 18:26:59 GMT+0100 (CET) 18 H 26 M 59 S 357 ms
Ye1ILS7vb5GbLgUzAAAY Data : soundtest Date : Tue Dec 19 2017 18:26:59 GMT+0100 (CET) 18 H 26 M 59 S 601 ms
J9PRq4tDk_NFyjbfAAAW Data : init_appli Date : Tue Dec 19 2017 18:27:01 GMT+0100 (CET) 18 H 27 M 1 S 313 ms
J9PRq4tDk_NFyjbfAAAW Data : soundtest Date : Tue Dec 19 2017 18:27:02 GMT+0100 (CET) 18 H 27 M 2 S 908 ms
maNlT5vOzgMseyLOAAAf Data : soundtest Date : Tue Dec 19 2017 18:27:03 GMT+0100 (CET) 18 H 27 M 3 S 507 ms
maNlT5vOzgMseyLOAAAf Data : acces_site Date : Tue Dec 19 2017 18:27:07 GMT+0100 (CET) 18 H 27 M 7 S 664 ms
ahYDu9Vo8Ru5zMwIAAAV Disonnect at Date : Tue Dec 19 2017 18:27:08 GMT+0100 (CET) 18 H 27 M 8 S 241 ms
Ye1ILS7vb5GbLgUzAAAY Data : soundtest Date : Tue Dec 19 2017 18:27:09 GMT+0100 (CET) 18 H 27 M 9 S 394 ms
g42lqcKh0Hpzm6SDAAAd Data : init_appli Date : Tue Dec 19 2017 18:27:10 GMT+0100 (CET) 18 H 27 M 10 S 610 ms
g42lqcKh0Hpzm6SDAAAd Data : soundtest Date : Tue Dec 19 2017 18:27:10 GMT+0100 (CET) 18 H 27 M 10 S 756 ms
xxhA7ck7PARIt-zxAAAh Connect at Date : Tue Dec 19 2017 18:27:12 GMT+0100 (CET) 18 H 27 M 12 S 924 ms
Ye1ILS7vb5GbLgUzAAAY Data : acces_site Date : Tue Dec 19 2017 18:27:13 GMT+0100 (CET) 18 H 27 M 13 S 153 ms
D9WjW2JkhlYhA0BjAAAg Data : init_appli Date : Tue Dec 19 2017 18:27:14 GMT+0100 (CET) 18 H 27 M 14 S 230 ms
TWzrzpgiYYOAyMTPAAAb Disonnect at Date : Tue Dec 19 2017 18:27:16 GMT+0100 (CET) 18 H 27 M 16 S 428 ms
J9PRq4tDk_NFyjbfAAAW Data : acces_site Date : Tue Dec 19 2017 18:27:17 GMT+0100 (CET) 18 H 27 M 17 S 268 ms
fbOda5H1ilnFFedZAAAi Connect at Date : Tue Dec 19 2017 18:27:23 GMT+0100 (CET) 18 H 27 M 23 S 191 ms
daBSbgv3iY_sh4YqAAAj Connect at Date : Tue Dec 19 2017 18:27:26 GMT+0100 (CET) 18 H 27 M 26 S 29 ms
D9WjW2JkhlYhA0BjAAAg Data : soundtest Date : Tue Dec 19 2017 18:27:26 GMT+0100 (CET) 18 H 27 M 26 S 757 ms
h6-bF0ZXxglG4Ta6AAAk Connect at Date : Tue Dec 19 2017 18:27:30 GMT+0100 (CET) 18 H 27 M 30 S 473 ms
D9WjW2JkhlYhA0BjAAAg Data : acces_site Date : Tue Dec 19 2017 18:27:32 GMT+0100 (CET) 18 H 27 M 32 S 777 ms
xxhA7ck7PARIt-zxAAAh Data : init_appli Date : Tue Dec 19 2017 18:27:33 GMT+0100 (CET) 18 H 27 M 33 S 392 ms
fm5z1d07neSehTlWAAAN Disonnect at Date : Tue Dec 19 2017 18:27:36 GMT+0100 (CET) 18 H 27 M 36 S 168 ms
xxhA7ck7PARIt-zxAAAh Data : soundtest Date : Tue Dec 19 2017 18:27:36 GMT+0100 (CET) 18 H 27 M 36 S 213 ms
BhLIoNb0BTkyYNvFAAAT Disonnect at Date : Tue Dec 19 2017 18:27:42 GMT+0100 (CET) 18 H 27 M 42 S 309 ms
xmmVoY4ZcSVpjkn8AAAl Connect at Date : Tue Dec 19 2017 18:27:45 GMT+0100 (CET) 18 H 27 M 45 S 817 ms
xmmVoY4ZcSVpjkn8AAAl Data : init_appli Date : Tue Dec 19 2017 18:27:49 GMT+0100 (CET) 18 H 27 M 49 S 831 ms
6EtpUVgqLY_Pw-a_AAAc Disonnect at Date : Tue Dec 19 2017 18:27:50 GMT+0100 (CET) 18 H 27 M 50 S 55 ms
etac2XbolhGG_yNyAAAe Data : init_appli Date : Tue Dec 19 2017 18:27:50 GMT+0100 (CET) 18 H 27 M 50 S 168 ms
ilwAHs5QJEhiUdYtAAAM Disonnect at Date : Tue Dec 19 2017 18:27:51 GMT+0100 (CET) 18 H 27 M 51 S 726 ms
h6-bF0ZXxglG4Ta6AAAk Data : init_appli Date : Tue Dec 19 2017 18:27:52 GMT+0100 (CET) 18 H 27 M 52 S 198 ms
h6-bF0ZXxglG4Ta6AAAk Data : soundtest Date : Tue Dec 19 2017 18:27:53 GMT+0100 (CET) 18 H 27 M 53 S 456 ms
vxdtG7P4Q3kFGYDkAAAm Connect at Date : Tue Dec 19 2017 18:28:00 GMT+0100 (CET) 18 H 28 M 0 S 541 ms
vxdtG7P4Q3kFGYDkAAAm Data : init_appli Date : Tue Dec 19 2017 18:28:02 GMT+0100 (CET) 18 H 28 M 2 S 897 ms
ucB7u_LeAMSduPZdAAAS Disonnect at Date : Tue Dec 19 2017 18:28:03 GMT+0100 (CET) 18 H 28 M 3 S 802 ms
rq93duyYA28PkydKAAAn Connect at Date : Tue Dec 19 2017 18:28:06 GMT+0100 (CET) 18 H 28 M 6 S 969 ms
do-XE2HFHze9fgH4AAAo Connect at Date : Tue Dec 19 2017 18:28:07 GMT+0100 (CET) 18 H 28 M 7 S 726 ms
h6-bF0ZXxglG4Ta6AAAk Data : acces_site Date : Tue Dec 19 2017 18:28:12 GMT+0100 (CET) 18 H 28 M 12 S 848 ms
dU5JHGSVkj4YRPLjAAAp Connect at Date : Tue Dec 19 2017 18:28:21 GMT+0100 (CET) 18 H 28 M 21 S 648 ms
g42lqcKh0Hpzm6SDAAAd Disonnect at Date : Tue Dec 19 2017 18:28:28 GMT+0100 (CET) 18 H 28 M 28 S 453 ms
6oKOIGiINC8Jk9RWAAAq Connect at Date : Tue Dec 19 2017 18:28:28 GMT+0100 (CET) 18 H 28 M 28 S 857 ms
dU5JHGSVkj4YRPLjAAAp Data : acces_site Date : Tue Dec 19 2017 18:28:29 GMT+0100 (CET) 18 H 28 M 29 S 669 ms
do-XE2HFHze9fgH4AAAo Data : init_appli Date : Tue Dec 19 2017 18:28:30 GMT+0100 (CET) 18 H 28 M 30 S 648 ms
6oKOIGiINC8Jk9RWAAAq Data : init_appli Date : Tue Dec 19 2017 18:28:33 GMT+0100 (CET) 18 H 28 M 33 S 102 ms
D-LbrWBjWmzU21cCAAAr Connect at Date : Tue Dec 19 2017 18:28:35 GMT+0100 (CET) 18 H 28 M 35 S 939 ms
6oKOIGiINC8Jk9RWAAAq Data : acces_site Date : Tue Dec 19 2017 18:28:36 GMT+0100 (CET) 18 H 28 M 36 S 954 ms
maNlT5vOzgMseyLOAAAf Disonnect at Date : Tue Dec 19 2017 18:28:37 GMT+0100 (CET) 18 H 28 M 37 S 291 ms
D-LbrWBjWmzU21cCAAAr Data : init_appli Date : Tue Dec 19 2017 18:28:39 GMT+0100 (CET) 18 H 28 M 39 S 444 ms
xmmVoY4ZcSVpjkn8AAAl Data : soundtest Date : Tue Dec 19 2017 18:28:42 GMT+0100 (CET) 18 H 28 M 42 S 103 ms
VQOYrCCRahCgsWbuAAAs Connect at Date : Tue Dec 19 2017 18:28:42 GMT+0100 (CET) 18 H 28 M 42 S 290 ms
D-LbrWBjWmzU21cCAAAr Data : soundtest Date : Tue Dec 19 2017 18:28:42 GMT+0100 (CET) 18 H 28 M 42 S 372 ms
wngVuq3xuEQ1UeIkAAAt Connect at Date : Tue Dec 19 2017 18:28:42 GMT+0100 (CET) 18 H 28 M 42 S 947 ms
xxhA7ck7PARIt-zxAAAh Data : soundtest Date : Tue Dec 19 2017 18:28:43 GMT+0100 (CET) 18 H 28 M 43 S 48 ms
do-XE2HFHze9fgH4AAAo Data : soundtest Date : Tue Dec 19 2017 18:28:45 GMT+0100 (CET) 18 H 28 M 45 S 262 ms
xmmVoY4ZcSVpjkn8AAAl Data : acces_site Date : Tue Dec 19 2017 18:28:45 GMT+0100 (CET) 18 H 28 M 45 S 756 ms
vxdtG7P4Q3kFGYDkAAAm Data : soundtest Date : Tue Dec 19 2017 18:28:47 GMT+0100 (CET) 18 H 28 M 47 S 520 ms
kjpCwqP4f4WgP1VoAAAu Connect at Date : Tue Dec 19 2017 18:28:47 GMT+0100 (CET) 18 H 28 M 47 S 996 ms
yY3ekuZOIfcAd31LAAAv Connect at Date : Tue Dec 19 2017 18:28:50 GMT+0100 (CET) 18 H 28 M 50 S 791 ms
vxdtG7P4Q3kFGYDkAAAm Data : acces_site Date : Tue Dec 19 2017 18:28:52 GMT+0100 (CET) 18 H 28 M 52 S 969 ms
J9PRq4tDk_NFyjbfAAAW Disonnect at Date : Tue Dec 19 2017 18:28:53 GMT+0100 (CET) 18 H 28 M 53 S 510 ms
UV9ZaVTkQIJxNg2nAAAZ Disonnect at Date : Tue Dec 19 2017 18:28:55 GMT+0100 (CET) 18 H 28 M 55 S 144 ms
2cOFn5hpTsBWzV-KAAAw Connect at Date : Tue Dec 19 2017 18:28:56 GMT+0100 (CET) 18 H 28 M 56 S 690 ms
8eyZk1P1rnQJwvZMAAAx Connect at Date : Tue Dec 19 2017 18:28:57 GMT+0100 (CET) 18 H 28 M 57 S 725 ms
MhQdjAvNAtNiG_aBAAAy Connect at Date : Tue Dec 19 2017 18:29:04 GMT+0100 (CET) 18 H 29 M 4 S 396 ms
lzQ0Hxd7y5HucxgOAAAz Connect at Date : Tue Dec 19 2017 18:29:04 GMT+0100 (CET) 18 H 29 M 4 S 752 ms
D-LbrWBjWmzU21cCAAAr Data : acces_site Date : Tue Dec 19 2017 18:29:05 GMT+0100 (CET) 18 H 29 M 5 S 971 ms
YOvJhJR-I07U7SBgAAA0 Connect at Date : Tue Dec 19 2017 18:29:07 GMT+0100 (CET) 18 H 29 M 7 S 233 ms
xtrtA-55lUjjS08jAAA1 Connect at Date : Tue Dec 19 2017 18:29:07 GMT+0100 (CET) 18 H 29 M 7 S 292 ms
_WEIf_admJNfbg5qAAA2 Connect at Date : Tue Dec 19 2017 18:29:07 GMT+0100 (CET) 18 H 29 M 7 S 846 ms
xmmVoY4ZcSVpjkn8AAAl Disonnect at Date : Tue Dec 19 2017 18:29:08 GMT+0100 (CET) 18 H 29 M 8 S 12 ms
Jd2F3n_k81CBWwF_AAA3 Connect at Date : Tue Dec 19 2017 18:29:08 GMT+0100 (CET) 18 H 29 M 8 S 340 ms
h6-bF0ZXxglG4Ta6AAAk Disonnect at Date : Tue Dec 19 2017 18:29:10 GMT+0100 (CET) 18 H 29 M 10 S 819 ms
YOvJhJR-I07U7SBgAAA0 Disonnect at Date : Tue Dec 19 2017 18:29:11 GMT+0100 (CET) 18 H 29 M 11 S 874 ms
9DdiAaVqDj3s0xTdAAA4 Connect at Date : Tue Dec 19 2017 18:29:12 GMT+0100 (CET) 18 H 29 M 12 S 260 ms
vxdtG7P4Q3kFGYDkAAAm Disonnect at Date : Tue Dec 19 2017 18:29:13 GMT+0100 (CET) 18 H 29 M 13 S 499 ms
iOBDP8Z6ospgYhRzAAA5 Connect at Date : Tue Dec 19 2017 18:29:13 GMT+0100 (CET) 18 H 29 M 13 S 745 ms
_LbMsnXyPtJUCtfcAAA6 Connect at Date : Tue Dec 19 2017 18:29:15 GMT+0100 (CET) 18 H 29 M 15 S 239 ms
iOBDP8Z6ospgYhRzAAA5 Data : init_appli Date : Tue Dec 19 2017 18:29:16 GMT+0100 (CET) 18 H 29 M 16 S 930 ms
bFd6BP2ZVZLeNy9OAAA7 Connect at Date : Tue Dec 19 2017 18:29:20 GMT+0100 (CET) 18 H 29 M 20 S 979 ms
_GSjWWpUgK-7y-GOAAAA Connect at Date : Tue Dec 19 2017 18:29:21 GMT+0100 (CET) 18 H 29 M 21 S 977 ms
_GSjWWpUgK-7y-GOAAAA Disonnect at Date : Tue Dec 19 2017 18:29:24 GMT+0100 (CET) 18 H 29 M 24 S 837 ms
6N7gWBM5-XIti4MVAAAB Connect at Date : Tue Dec 19 2017 18:29:25 GMT+0100 (CET) 18 H 29 M 25 S 266 ms
NxkvTSutOLp7vOLmAAA8 Connect at Date : Tue Dec 19 2017 18:29:28 GMT+0100 (CET) 18 H 29 M 28 S 151 ms
4oSlilzpajSWkzcPAAA9 Connect at Date : Tue Dec 19 2017 18:29:29 GMT+0100 (CET) 18 H 29 M 29 S 622 ms
do-XE2HFHze9fgH4AAAo Data : acces_site Date : Tue Dec 19 2017 18:29:31 GMT+0100 (CET) 18 H 29 M 31 S 690 ms
wngVuq3xuEQ1UeIkAAAt Disonnect at Date : Tue Dec 19 2017 18:29:33 GMT+0100 (CET) 18 H 29 M 33 S 138 ms
2glT1Mo3Q_bkDFgvAAAA Connect at Date : Tue Dec 19 2017 18:29:35 GMT+0100 (CET) 18 H 29 M 35 S 869 ms
dU5JHGSVkj4YRPLjAAAp Disonnect at Date : Tue Dec 19 2017 18:29:36 GMT+0100 (CET) 18 H 29 M 36 S 692 ms
I-ppPMOx9zFtSV4FAAA- Connect at Date : Tue Dec 19 2017 18:29:37 GMT+0100 (CET) 18 H 29 M 37 S 185 ms
iOBDP8Z6ospgYhRzAAA5 Data : acces_site Date : Tue Dec 19 2017 18:29:37 GMT+0100 (CET) 18 H 29 M 37 S 536 ms
kjpCwqP4f4WgP1VoAAAu Disonnect at Date : Tue Dec 19 2017 18:29:38 GMT+0100 (CET) 18 H 29 M 38 S 414 ms
2glT1Mo3Q_bkDFgvAAAA Disonnect at Date : Tue Dec 19 2017 18:29:39 GMT+0100 (CET) 18 H 29 M 39 S 355 ms
ZTk0ZYR8_oRfu5ZcAAAB Connect at Date : Tue Dec 19 2017 18:29:39 GMT+0100 (CET) 18 H 29 M 39 S 797 ms
2cOFn5hpTsBWzV-KAAAw Disonnect at Date : Tue Dec 19 2017 18:29:46 GMT+0100 (CET) 18 H 29 M 46 S 916 ms
gymwZLp7Xy1-zBgkAAAA Connect at Date : Tue Dec 19 2017 18:29:46 GMT+0100 (CET) 18 H 29 M 46 S 952 ms
8eyZk1P1rnQJwvZMAAAx Disonnect at Date : Tue Dec 19 2017 18:29:48 GMT+0100 (CET) 18 H 29 M 48 S 620 ms
gymwZLp7Xy1-zBgkAAAA Disonnect at Date : Tue Dec 19 2017 18:29:49 GMT+0100 (CET) 18 H 29 M 49 S 498 ms
iOBDP8Z6ospgYhRzAAA5 Disonnect at Date : Tue Dec 19 2017 18:29:49 GMT+0100 (CET) 18 H 29 M 49 S 686 ms
9SSvJ7QVZ2EAMKpcAAA_ Connect at Date : Tue Dec 19 2017 18:29:49 GMT+0100 (CET) 18 H 29 M 49 S 732 ms
cswODO-lzQpqpF0yAAAB Connect at Date : Tue Dec 19 2017 18:29:49 GMT+0100 (CET) 18 H 29 M 49 S 821 ms
7wxPbhTnuGhRp6r4AABA Connect at Date : Tue Dec 19 2017 18:29:49 GMT+0100 (CET) 18 H 29 M 49 S 834 ms
m_nOFzAkXKUENk20AABB Connect at Date : Tue Dec 19 2017 18:29:51 GMT+0100 (CET) 18 H 29 M 51 S 109 ms
nyE8vLbpt3rzUGOBAABC Connect at Date : Tue Dec 19 2017 18:29:53 GMT+0100 (CET) 18 H 29 M 53 S 430 ms
7wxPbhTnuGhRp6r4AABA Data : init_appli Date : Tue Dec 19 2017 18:29:54 GMT+0100 (CET) 18 H 29 M 54 S 918 ms
MhQdjAvNAtNiG_aBAAAy Disonnect at Date : Tue Dec 19 2017 18:29:55 GMT+0100 (CET) 18 H 29 M 55 S 478 ms
D-LbrWBjWmzU21cCAAAr Disonnect at Date : Tue Dec 19 2017 18:29:55 GMT+0100 (CET) 18 H 29 M 55 S 977 ms
xtrtA-55lUjjS08jAAA1 Data : init_appli Date : Tue Dec 19 2017 18:29:56 GMT+0100 (CET) 18 H 29 M 56 S 687 ms
daBSbgv3iY_sh4YqAAAj Disonnect at Date : Tue Dec 19 2017 18:29:57 GMT+0100 (CET) 18 H 29 M 57 S 208 ms
_WEIf_admJNfbg5qAAA2 Disonnect at Date : Tue Dec 19 2017 18:29:58 GMT+0100 (CET) 18 H 29 M 58 S 103 ms
xtrtA-55lUjjS08jAAA1 Data : soundtest Date : Tue Dec 19 2017 18:29:58 GMT+0100 (CET) 18 H 29 M 58 S 465 ms
Ax2gSLxasEOjxaTXAABD Connect at Date : Tue Dec 19 2017 18:29:59 GMT+0100 (CET) 18 H 29 M 59 S 260 ms
xxhA7ck7PARIt-zxAAAh Disonnect at Date : Tue Dec 19 2017 18:29:59 GMT+0100 (CET) 18 H 29 M 59 S 299 ms
h5dyeMaMyuYtK-CjAABE Connect at Date : Tue Dec 19 2017 18:30:00 GMT+0100 (CET) 18 H 30 M 0 S 642 ms
m_nOFzAkXKUENk20AABB Data : init_appli Date : Tue Dec 19 2017 18:30:00 GMT+0100 (CET) 18 H 30 M 0 S 960 ms
7wxPbhTnuGhRp6r4AABA Data : soundtest Date : Tue Dec 19 2017 18:30:01 GMT+0100 (CET) 18 H 30 M 1 S 429 ms
GVppGuhujN-2CzOkAABF Connect at Date : Tue Dec 19 2017 18:30:03 GMT+0100 (CET) 18 H 30 M 3 S 507 ms
GVppGuhujN-2CzOkAABF Disonnect at Date : Tue Dec 19 2017 18:30:05 GMT+0100 (CET) 18 H 30 M 5 S 294 ms
5DGJq7rKPU025ZaKAABG Connect at Date : Tue Dec 19 2017 18:30:05 GMT+0100 (CET) 18 H 30 M 5 S 555 ms
5DGJq7rKPU025ZaKAABG Data : init_appli Date : Tue Dec 19 2017 18:30:08 GMT+0100 (CET) 18 H 30 M 8 S 88 ms
xtrtA-55lUjjS08jAAA1 Data : acces_site Date : Tue Dec 19 2017 18:30:08 GMT+0100 (CET) 18 H 30 M 8 S 396 ms
_dY7_oxWTkyajUpOAABH Connect at Date : Tue Dec 19 2017 18:30:08 GMT+0100 (CET) 18 H 30 M 8 S 722 ms
XlQZJlGybqi6mTISAAAX Disonnect at Date : Tue Dec 19 2017 18:30:09 GMT+0100 (CET) 18 H 30 M 9 S 246 ms
w7a8fSOwXgJbp4ueAABI Connect at Date : Tue Dec 19 2017 18:30:09 GMT+0100 (CET) 18 H 30 M 9 S 594 ms
u-cRF6EWMPBwBqVuAABJ Connect at Date : Tue Dec 19 2017 18:30:10 GMT+0100 (CET) 18 H 30 M 10 S 600 ms
_dY7_oxWTkyajUpOAABH Data : init_appli Date : Tue Dec 19 2017 18:30:11 GMT+0100 (CET) 18 H 30 M 11 S 449 ms
7wxPbhTnuGhRp6r4AABA Data : acces_site Date : Tue Dec 19 2017 18:30:11 GMT+0100 (CET) 18 H 30 M 11 S 944 ms
fbOda5H1ilnFFedZAAAi Disonnect at Date : Tue Dec 19 2017 18:30:18 GMT+0100 (CET) 18 H 30 M 18 S 346 ms
NxkvTSutOLp7vOLmAAA8 Disonnect at Date : Tue Dec 19 2017 18:30:18 GMT+0100 (CET) 18 H 30 M 18 S 983 ms
_dY7_oxWTkyajUpOAABH Data : soundtest Date : Tue Dec 19 2017 18:30:23 GMT+0100 (CET) 18 H 30 M 23 S 529 ms
yzPgEMJEv6bEZdj-AABK Connect at Date : Tue Dec 19 2017 18:30:25 GMT+0100 (CET) 18 H 30 M 25 S 938 ms
9DdiAaVqDj3s0xTdAAA4 Disonnect at Date : Tue Dec 19 2017 18:30:27 GMT+0100 (CET) 18 H 30 M 27 S 419 ms
kHfkHWiQgotBU2IoAABL Connect at Date : Tue Dec 19 2017 18:30:29 GMT+0100 (CET) 18 H 30 M 29 S 459 ms
lzQ0Hxd7y5HucxgOAAAz Disonnect at Date : Tue Dec 19 2017 18:30:29 GMT+0100 (CET) 18 H 30 M 29 S 971 ms
f_SFTyvNZzXnsmmFAABM Connect at Date : Tue Dec 19 2017 18:30:36 GMT+0100 (CET) 18 H 30 M 36 S 954 ms
etac2XbolhGG_yNyAAAe Disonnect at Date : Tue Dec 19 2017 18:30:37 GMT+0100 (CET) 18 H 30 M 37 S 818 ms
do-XE2HFHze9fgH4AAAo Disonnect at Date : Tue Dec 19 2017 18:30:37 GMT+0100 (CET) 18 H 30 M 37 S 919 ms
6N7gWBM5-XIti4MVAAAB Disonnect at Date : Tue Dec 19 2017 18:30:40 GMT+0100 (CET) 18 H 30 M 40 S 504 ms
U73TyBBDJVs8yBEjAABN Connect at Date : Tue Dec 19 2017 18:30:42 GMT+0100 (CET) 18 H 30 M 42 S 96 ms
4oSlilzpajSWkzcPAAA9 Disonnect at Date : Tue Dec 19 2017 18:30:44 GMT+0100 (CET) 18 H 30 M 44 S 795 ms
bFd6BP2ZVZLeNy9OAAA7 Disonnect at Date : Tue Dec 19 2017 18:30:46 GMT+0100 (CET) 18 H 30 M 46 S 120 ms
Ax2gSLxasEOjxaTXAABD Disonnect at Date : Tue Dec 19 2017 18:30:49 GMT+0100 (CET) 18 H 30 M 49 S 474 ms
h5dyeMaMyuYtK-CjAABE Disonnect at Date : Tue Dec 19 2017 18:30:50 GMT+0100 (CET) 18 H 30 M 50 S 789 ms
c5tgUxX8LeW8ck66AABO Connect at Date : Tue Dec 19 2017 18:30:51 GMT+0100 (CET) 18 H 30 M 51 S 450 ms
rYFNNPRFu_weg5THAABP Connect at Date : Tue Dec 19 2017 18:30:53 GMT+0100 (CET) 18 H 30 M 53 S 997 ms
_dY7_oxWTkyajUpOAABH Data : acces_site Date : Tue Dec 19 2017 18:30:55 GMT+0100 (CET) 18 H 30 M 55 S 785 ms
c5tgUxX8LeW8ck66AABO Data : acces_site Date : Tue Dec 19 2017 18:30:58 GMT+0100 (CET) 18 H 30 M 58 S 147 ms
8udM_lSJrvnlkPP-AABQ Connect at Date : Tue Dec 19 2017 18:30:58 GMT+0100 (CET) 18 H 30 M 58 S 330 ms
_L4P5lmh1doxJrl2AABR Connect at Date : Tue Dec 19 2017 18:30:59 GMT+0100 (CET) 18 H 30 M 59 S 266 ms
w7a8fSOwXgJbp4ueAABI Disonnect at Date : Tue Dec 19 2017 18:31:00 GMT+0100 (CET) 18 H 31 M 0 S 76 ms
2F3mAodUZG8RYnP3AABS Connect at Date : Tue Dec 19 2017 18:31:01 GMT+0100 (CET) 18 H 31 M 1 S 303 ms
u-cRF6EWMPBwBqVuAABJ Disonnect at Date : Tue Dec 19 2017 18:31:01 GMT+0100 (CET) 18 H 31 M 1 S 481 ms
I-ppPMOx9zFtSV4FAAA- Disonnect at Date : Tue Dec 19 2017 18:31:02 GMT+0100 (CET) 18 H 31 M 2 S 360 ms
K1VXiRpvvkMZ6QV5AABT Connect at Date : Tue Dec 19 2017 18:31:02 GMT+0100 (CET) 18 H 31 M 2 S 411 ms
ZTk0ZYR8_oRfu5ZcAAAB Disonnect at Date : Tue Dec 19 2017 18:31:02 GMT+0100 (CET) 18 H 31 M 2 S 928 ms
0_wc_6w0aPFxcl4mAABU Connect at Date : Tue Dec 19 2017 18:31:03 GMT+0100 (CET) 18 H 31 M 3 S 239 ms
D9WjW2JkhlYhA0BjAAAg Disonnect at Date : Tue Dec 19 2017 18:31:03 GMT+0100 (CET) 18 H 31 M 3 S 549 ms
r6Ka8wEaCh0E_32HAABV Connect at Date : Tue Dec 19 2017 18:31:04 GMT+0100 (CET) 18 H 31 M 4 S 581 ms
cswODO-lzQpqpF0yAAAB Disonnect at Date : Tue Dec 19 2017 18:31:04 GMT+0100 (CET) 18 H 31 M 4 S 984 ms
VsIL69P_RZKqKfN1AABW Connect at Date : Tue Dec 19 2017 18:31:05 GMT+0100 (CET) 18 H 31 M 5 S 787 ms
H2WTtrMfH5dQyhjfAABX Connect at Date : Tue Dec 19 2017 18:31:10 GMT+0100 (CET) 18 H 31 M 10 S 209 ms
gWV6L2hkskfXFCqoAABY Connect at Date : Tue Dec 19 2017 18:31:10 GMT+0100 (CET) 18 H 31 M 10 S 590 ms
E7eDiyiGx_APjSx_AABZ Connect at Date : Tue Dec 19 2017 18:31:13 GMT+0100 (CET) 18 H 31 M 13 S 295 ms
0rAswYOR_ikSyeSMAAAU Disonnect at Date : Tue Dec 19 2017 18:31:13 GMT+0100 (CET) 18 H 31 M 13 S 720 ms
ycPdf7fnZ6vGYDw3AABa Connect at Date : Tue Dec 19 2017 18:31:14 GMT+0100 (CET) 18 H 31 M 14 S 751 ms
9SSvJ7QVZ2EAMKpcAAA_ Disonnect at Date : Tue Dec 19 2017 18:31:14 GMT+0100 (CET) 18 H 31 M 14 S 780 ms
1ZPhoLedZV1Te2vsAABb Connect at Date : Tue Dec 19 2017 18:31:15 GMT+0100 (CET) 18 H 31 M 15 S 851 ms
5ydfQwoLcgVyHoooAABc Connect at Date : Tue Dec 19 2017 18:31:16 GMT+0100 (CET) 18 H 31 M 16 S 684 ms
nyE8vLbpt3rzUGOBAABC Disonnect at Date : Tue Dec 19 2017 18:31:18 GMT+0100 (CET) 18 H 31 M 18 S 535 ms
5DGJq7rKPU025ZaKAABG Disonnect at Date : Tue Dec 19 2017 18:31:20 GMT+0100 (CET) 18 H 31 M 20 S 599 ms
uKv8QP0YscYzwpYZAABd Connect at Date : Tue Dec 19 2017 18:31:23 GMT+0100 (CET) 18 H 31 M 23 S 612 ms
WVa1u9V66BcoKaBZAABe Connect at Date : Tue Dec 19 2017 18:31:24 GMT+0100 (CET) 18 H 31 M 24 S 162 ms
7wxPbhTnuGhRp6r4AABA Disonnect at Date : Tue Dec 19 2017 18:31:24 GMT+0100 (CET) 18 H 31 M 24 S 831 ms
6-jMMxxbqxK9bII7AABf Connect at Date : Tue Dec 19 2017 18:31:24 GMT+0100 (CET) 18 H 31 M 24 S 974 ms
s7POIshJG89vSrh6AABg Connect at Date : Tue Dec 19 2017 18:31:25 GMT+0100 (CET) 18 H 31 M 25 S 533 ms
uKv8QP0YscYzwpYZAABd Data : init_appli Date : Tue Dec 19 2017 18:31:25 GMT+0100 (CET) 18 H 31 M 25 S 665 ms
6-jMMxxbqxK9bII7AABf Data : init_appli Date : Tue Dec 19 2017 18:31:26 GMT+0100 (CET) 18 H 31 M 26 S 133 ms
uKv8QP0YscYzwpYZAABd Data : soundtest Date : Tue Dec 19 2017 18:31:26 GMT+0100 (CET) 18 H 31 M 26 S 806 ms
7xclcc_WNL7Gftj7AABh Connect at Date : Tue Dec 19 2017 18:31:27 GMT+0100 (CET) 18 H 31 M 27 S 454 ms
6-jMMxxbqxK9bII7AABf Data : acces_site Date : Tue Dec 19 2017 18:31:28 GMT+0100 (CET) 18 H 31 M 28 S 248 ms
f_SFTyvNZzXnsmmFAABM Disonnect at Date : Tue Dec 19 2017 18:31:29 GMT+0100 (CET) 18 H 31 M 29 S 395 ms
BH32mT2wKiHnUKWXAABi Connect at Date : Tue Dec 19 2017 18:31:30 GMT+0100 (CET) 18 H 31 M 30 S 56 ms
m_nOFzAkXKUENk20AABB Disonnect at Date : Tue Dec 19 2017 18:31:31 GMT+0100 (CET) 18 H 31 M 31 S 311 ms
HPJG1u47-pwl71YTAABj Connect at Date : Tue Dec 19 2017 18:31:31 GMT+0100 (CET) 18 H 31 M 31 S 658 ms
uKv8QP0YscYzwpYZAABd Data : acces_site Date : Tue Dec 19 2017 18:31:32 GMT+0100 (CET) 18 H 31 M 32 S 170 ms
_dY7_oxWTkyajUpOAABH Disonnect at Date : Tue Dec 19 2017 18:31:32 GMT+0100 (CET) 18 H 31 M 32 S 946 ms
WVa1u9V66BcoKaBZAABe Data : init_appli Date : Tue Dec 19 2017 18:31:33 GMT+0100 (CET) 18 H 31 M 33 S 841 ms
VQOYrCCRahCgsWbuAAAs Disonnect at Date : Tue Dec 19 2017 18:31:37 GMT+0100 (CET) 18 H 31 M 37 S 571 ms
htqD10St0A53UAgNAABk Connect at Date : Tue Dec 19 2017 18:31:38 GMT+0100 (CET) 18 H 31 M 38 S 499 ms
ajneJSEDqTqBkiW4AABl Connect at Date : Tue Dec 19 2017 18:31:39 GMT+0100 (CET) 18 H 31 M 39 S 667 ms
WVa1u9V66BcoKaBZAABe Data : soundtest Date : Tue Dec 19 2017 18:31:40 GMT+0100 (CET) 18 H 31 M 40 S 394 ms
htqD10St0A53UAgNAABk Data : init_appli Date : Tue Dec 19 2017 18:31:40 GMT+0100 (CET) 18 H 31 M 40 S 658 ms
vBYK2VzOF6hfgl_ZAABm Connect at Date : Tue Dec 19 2017 18:31:44 GMT+0100 (CET) 18 H 31 M 44 S 289 ms
yY3ekuZOIfcAd31LAAAv Disonnect at Date : Tue Dec 19 2017 18:31:45 GMT+0100 (CET) 18 H 31 M 45 S 849 ms
WVa1u9V66BcoKaBZAABe Data : acces_site Date : Tue Dec 19 2017 18:31:46 GMT+0100 (CET) 18 H 31 M 46 S 260 ms
mhvynlx8FOfGfuEwAABn Connect at Date : Tue Dec 19 2017 18:31:48 GMT+0100 (CET) 18 H 31 M 48 S 664 ms
8udM_lSJrvnlkPP-AABQ Disonnect at Date : Tue Dec 19 2017 18:31:48 GMT+0100 (CET) 18 H 31 M 48 S 677 ms
yzPgEMJEv6bEZdj-AABK Disonnect at Date : Tue Dec 19 2017 18:31:51 GMT+0100 (CET) 18 H 31 M 51 S 54 ms
2F3mAodUZG8RYnP3AABS Disonnect at Date : Tue Dec 19 2017 18:31:52 GMT+0100 (CET) 18 H 31 M 52 S 218 ms
rq93duyYA28PkydKAAAn Disonnect at Date : Tue Dec 19 2017 18:31:52 GMT+0100 (CET) 18 H 31 M 52 S 460 ms
K1VXiRpvvkMZ6QV5AABT Disonnect at Date : Tue Dec 19 2017 18:31:53 GMT+0100 (CET) 18 H 31 M 53 S 32 ms
rNIrmwQeBwPowGQ3AABo Connect at Date : Tue Dec 19 2017 18:31:53 GMT+0100 (CET) 18 H 31 M 53 S 429 ms
0_wc_6w0aPFxcl4mAABU Disonnect at Date : Tue Dec 19 2017 18:31:53 GMT+0100 (CET) 18 H 31 M 53 S 432 ms
2eGmP8P3YqnLXgBgAABp Connect at Date : Tue Dec 19 2017 18:31:54 GMT+0100 (CET) 18 H 31 M 54 S 761 ms
r6Ka8wEaCh0E_32HAABV Disonnect at Date : Tue Dec 19 2017 18:31:54 GMT+0100 (CET) 18 H 31 M 54 S 879 ms
iVmiV4ieQMpm4LZLAABq Connect at Date : Tue Dec 19 2017 18:32:00 GMT+0100 (CET) 18 H 32 M 0 S 310 ms
gWV6L2hkskfXFCqoAABY Disonnect at Date : Tue Dec 19 2017 18:32:00 GMT+0100 (CET) 18 H 32 M 0 S 752 ms
VsIL69P_RZKqKfN1AABW Disonnect at Date : Tue Dec 19 2017 18:32:00 GMT+0100 (CET) 18 H 32 M 0 S 872 ms
ycPdf7fnZ6vGYDw3AABa Disonnect at Date : Tue Dec 19 2017 18:32:05 GMT+0100 (CET) 18 H 32 M 5 S 431 ms
c5tgUxX8LeW8ck66AABO Disonnect at Date : Tue Dec 19 2017 18:32:06 GMT+0100 (CET) 18 H 32 M 6 S 480 ms
5ydfQwoLcgVyHoooAABc Disonnect at Date : Tue Dec 19 2017 18:32:06 GMT+0100 (CET) 18 H 32 M 6 S 935 ms
U73TyBBDJVs8yBEjAABN Disonnect at Date : Tue Dec 19 2017 18:32:07 GMT+0100 (CET) 18 H 32 M 7 S 217 ms
k2m-Xz7jFw1dH5CvAABr Connect at Date : Tue Dec 19 2017 18:32:10 GMT+0100 (CET) 18 H 32 M 10 S 470 ms
j40YwV2rX3yw2hReAABs Connect at Date : Tue Dec 19 2017 18:32:11 GMT+0100 (CET) 18 H 32 M 11 S 962 ms
OV8PT9YDcvg0RBWRAABt Connect at Date : Tue Dec 19 2017 18:32:12 GMT+0100 (CET) 18 H 32 M 12 S 381 ms
s7POIshJG89vSrh6AABg Disonnect at Date : Tue Dec 19 2017 18:32:15 GMT+0100 (CET) 18 H 32 M 15 S 787 ms
ce6UanAIiIK8JUU8AABu Connect at Date : Tue Dec 19 2017 18:32:17 GMT+0100 (CET) 18 H 32 M 17 S 370 ms
lRL6wJZyv99kRI9jAABv Connect at Date : Tue Dec 19 2017 18:32:17 GMT+0100 (CET) 18 H 32 M 17 S 748 ms
TncQ3pEVdIdTmHHUAABw Connect at Date : Tue Dec 19 2017 18:32:17 GMT+0100 (CET) 18 H 32 M 17 S 835 ms
oDwlB-10xtXgIQdCAABx Connect at Date : Tue Dec 19 2017 18:32:18 GMT+0100 (CET) 18 H 32 M 18 S 365 ms
ce6UanAIiIK8JUU8AABu Data : init_appli Date : Tue Dec 19 2017 18:32:18 GMT+0100 (CET) 18 H 32 M 18 S 598 ms
rYFNNPRFu_weg5THAABP Disonnect at Date : Tue Dec 19 2017 18:32:19 GMT+0100 (CET) 18 H 32 M 19 S 41 ms
ANlMJNai9OBT82BMAABy Connect at Date : Tue Dec 19 2017 18:32:19 GMT+0100 (CET) 18 H 32 M 19 S 178 ms
BH32mT2wKiHnUKWXAABi Disonnect at Date : Tue Dec 19 2017 18:32:21 GMT+0100 (CET) 18 H 32 M 21 S 360 ms
HPJG1u47-pwl71YTAABj Disonnect at Date : Tue Dec 19 2017 18:32:22 GMT+0100 (CET) 18 H 32 M 22 S 725 ms
_L4P5lmh1doxJrl2AABR Disonnect at Date : Tue Dec 19 2017 18:32:25 GMT+0100 (CET) 18 H 32 M 25 S 869 ms
E7eDiyiGx_APjSx_AABZ Disonnect at Date : Tue Dec 19 2017 18:32:28 GMT+0100 (CET) 18 H 32 M 28 S 513 ms
KAnurbi-gG826HjVAABz Connect at Date : Tue Dec 19 2017 18:32:29 GMT+0100 (CET) 18 H 32 M 29 S 892 ms
ajneJSEDqTqBkiW4AABl Disonnect at Date : Tue Dec 19 2017 18:32:30 GMT+0100 (CET) 18 H 32 M 30 S 11 ms
xtrtA-55lUjjS08jAAA1 Disonnect at Date : Tue Dec 19 2017 18:32:30 GMT+0100 (CET) 18 H 32 M 30 S 432 ms
ce6UanAIiIK8JUU8AABu Data : soundtest Date : Tue Dec 19 2017 18:32:33 GMT+0100 (CET) 18 H 32 M 33 S 216 ms
kHfkHWiQgotBU2IoAABL Disonnect at Date : Tue Dec 19 2017 18:32:34 GMT+0100 (CET) 18 H 32 M 34 S 552 ms
vBYK2VzOF6hfgl_ZAABm Disonnect at Date : Tue Dec 19 2017 18:32:35 GMT+0100 (CET) 18 H 32 M 35 S 340 ms
uk9tAla-JPYXC8V4AAB0 Connect at Date : Tue Dec 19 2017 18:32:37 GMT+0100 (CET) 18 H 32 M 37 S 233 ms
mhvynlx8FOfGfuEwAABn Disonnect at Date : Tue Dec 19 2017 18:32:39 GMT+0100 (CET) 18 H 32 M 39 S 21 ms
uk9tAla-JPYXC8V4AAB0 Data : init_appli Date : Tue Dec 19 2017 18:32:42 GMT+0100 (CET) 18 H 32 M 42 S 4 ms
2eGmP8P3YqnLXgBgAABp Data : init_appli Date : Tue Dec 19 2017 18:32:42 GMT+0100 (CET) 18 H 32 M 42 S 930 ms
rNIrmwQeBwPowGQ3AABo Disonnect at Date : Tue Dec 19 2017 18:32:43 GMT+0100 (CET) 18 H 32 M 43 S 583 ms
AWYTSztsmj5JAY5qAAB1 Connect at Date : Tue Dec 19 2017 18:32:45 GMT+0100 (CET) 18 H 32 M 45 S 331 ms
H2WTtrMfH5dQyhjfAABX Disonnect at Date : Tue Dec 19 2017 18:32:45 GMT+0100 (CET) 18 H 32 M 45 S 605 ms
2lF1kbsGMoNYbFrvAAB2 Connect at Date : Tue Dec 19 2017 18:32:46 GMT+0100 (CET) 18 H 32 M 46 S 75 ms
2eGmP8P3YqnLXgBgAABp Data : acces_site Date : Tue Dec 19 2017 18:32:46 GMT+0100 (CET) 18 H 32 M 46 S 549 ms
hWYcAWaiS2wceagWAAB3 Connect at Date : Tue Dec 19 2017 18:32:47 GMT+0100 (CET) 18 H 32 M 47 S 283 ms
lsPMUx7jUu7ovVe8AAB4 Connect at Date : Tue Dec 19 2017 18:32:47 GMT+0100 (CET) 18 H 32 M 47 S 404 ms
hv8kWaN63MAEKQlCAAB5 Connect at Date : Tue Dec 19 2017 18:32:47 GMT+0100 (CET) 18 H 32 M 47 S 799 ms
ce6UanAIiIK8JUU8AABu Data : acces_site Date : Tue Dec 19 2017 18:32:48 GMT+0100 (CET) 18 H 32 M 48 S 624 ms
P9w4LbRwtbLrTufmAAB6 Connect at Date : Tue Dec 19 2017 18:32:49 GMT+0100 (CET) 18 H 32 M 49 S 180 ms
J3p831UVwu5LFooMAAB7 Connect at Date : Tue Dec 19 2017 18:32:50 GMT+0100 (CET) 18 H 32 M 50 S 645 ms
hWYcAWaiS2wceagWAAB3 Disonnect at Date : Tue Dec 19 2017 18:32:51 GMT+0100 (CET) 18 H 32 M 51 S 777 ms
WVa1u9V66BcoKaBZAABe Disonnect at Date : Tue Dec 19 2017 18:32:53 GMT+0100 (CET) 18 H 32 M 53 S 92 ms
HQEt8M5RLudbZa2wAAB8 Connect at Date : Tue Dec 19 2017 18:32:53 GMT+0100 (CET) 18 H 32 M 53 S 131 ms
2eGmP8P3YqnLXgBgAABp Disonnect at Date : Tue Dec 19 2017 18:32:56 GMT+0100 (CET) 18 H 32 M 56 S 506 ms
xyiGsi8UaLchP5fQAAB9 Connect at Date : Tue Dec 19 2017 18:32:57 GMT+0100 (CET) 18 H 32 M 57 S 267 ms
iVmiV4ieQMpm4LZLAABq Disonnect at Date : Tue Dec 19 2017 18:32:57 GMT+0100 (CET) 18 H 32 M 57 S 597 ms
n5B6U9AZfoJuSW8MAAB- Connect at Date : Tue Dec 19 2017 18:32:58 GMT+0100 (CET) 18 H 32 M 58 S 293 ms
xyiGsi8UaLchP5fQAAB9 Data : init_appli Date : Tue Dec 19 2017 18:32:58 GMT+0100 (CET) 18 H 32 M 58 S 384 ms
uk9tAla-JPYXC8V4AAB0 Data : soundtest Date : Tue Dec 19 2017 18:32:58 GMT+0100 (CET) 18 H 32 M 58 S 853 ms
xyiGsi8UaLchP5fQAAB9 Data : soundtest Date : Tue Dec 19 2017 18:32:59 GMT+0100 (CET) 18 H 32 M 59 S 516 ms
gcJ1AdJCzPOkurvqAAB_ Connect at Date : Tue Dec 19 2017 18:33:02 GMT+0100 (CET) 18 H 33 M 2 S 513 ms
xyiGsi8UaLchP5fQAAB9 Data : soundtest Date : Tue Dec 19 2017 18:33:02 GMT+0100 (CET) 18 H 33 M 2 S 642 ms
j40YwV2rX3yw2hReAABs Disonnect at Date : Tue Dec 19 2017 18:33:04 GMT+0100 (CET) 18 H 33 M 4 S 343 ms
-WD95ND4LA43rI4vAACA Connect at Date : Tue Dec 19 2017 18:33:04 GMT+0100 (CET) 18 H 33 M 4 S 610 ms
7xclcc_WNL7Gftj7AABh Disonnect at Date : Tue Dec 19 2017 18:33:04 GMT+0100 (CET) 18 H 33 M 4 S 805 ms
xyiGsi8UaLchP5fQAAB9 Data : acces_site Date : Tue Dec 19 2017 18:33:05 GMT+0100 (CET) 18 H 33 M 5 S 331 ms
lRL6wJZyv99kRI9jAABv Disonnect at Date : Tue Dec 19 2017 18:33:07 GMT+0100 (CET) 18 H 33 M 7 S 929 ms
TncQ3pEVdIdTmHHUAABw Disonnect at Date : Tue Dec 19 2017 18:33:07 GMT+0100 (CET) 18 H 33 M 7 S 971 ms
oDwlB-10xtXgIQdCAABx Disonnect at Date : Tue Dec 19 2017 18:33:08 GMT+0100 (CET) 18 H 33 M 8 S 547 ms
uk9tAla-JPYXC8V4AAB0 Data : acces_site Date : Tue Dec 19 2017 18:33:08 GMT+0100 (CET) 18 H 33 M 8 S 712 ms
clWtCMD88Zds7eFnAACB Connect at Date : Tue Dec 19 2017 18:33:10 GMT+0100 (CET) 18 H 33 M 10 S 559 ms
Xnb8FLExKlpg5LqVAACC Connect at Date : Tue Dec 19 2017 18:33:13 GMT+0100 (CET) 18 H 33 M 13 S 274 ms
6oKOIGiINC8Jk9RWAAAq Disonnect at Date : Tue Dec 19 2017 18:33:14 GMT+0100 (CET) 18 H 33 M 14 S 627 ms
Xnb8FLExKlpg5LqVAACC Data : init_appli Date : Tue Dec 19 2017 18:33:14 GMT+0100 (CET) 18 H 33 M 14 S 713 ms
CaFOurv0kBkUfMMIAACD Connect at Date : Tue Dec 19 2017 18:33:14 GMT+0100 (CET) 18 H 33 M 14 S 949 ms
gAKl5C3UcisJCWTVAACE Connect at Date : Tue Dec 19 2017 18:33:15 GMT+0100 (CET) 18 H 33 M 15 S 617 ms
ANlMJNai9OBT82BMAABy Data : init_appli Date : Tue Dec 19 2017 18:33:15 GMT+0100 (CET) 18 H 33 M 15 S 619 ms
Xnb8FLExKlpg5LqVAACC Data : soundtest Date : Tue Dec 19 2017 18:33:16 GMT+0100 (CET) 18 H 33 M 16 S 157 ms
ANlMJNai9OBT82BMAABy Data : soundtest Date : Tue Dec 19 2017 18:33:16 GMT+0100 (CET) 18 H 33 M 16 S 937 ms
CaFOurv0kBkUfMMIAACD Data : init_appli Date : Tue Dec 19 2017 18:33:17 GMT+0100 (CET) 18 H 33 M 17 S 719 ms
my9ghdUiWmbdlx0KAACF Connect at Date : Tue Dec 19 2017 18:33:18 GMT+0100 (CET) 18 H 33 M 18 S 642 ms
KAnurbi-gG826HjVAABz Disonnect at Date : Tue Dec 19 2017 18:33:20 GMT+0100 (CET) 18 H 33 M 20 S 253 ms
CaFOurv0kBkUfMMIAACD Data : soundtest Date : Tue Dec 19 2017 18:33:20 GMT+0100 (CET) 18 H 33 M 20 S 873 ms
EXNmeCzZVvj9zyL-AACG Connect at Date : Tue Dec 19 2017 18:33:22 GMT+0100 (CET) 18 H 33 M 22 S 126 ms
Xnb8FLExKlpg5LqVAACC Data : acces_site Date : Tue Dec 19 2017 18:33:22 GMT+0100 (CET) 18 H 33 M 22 S 845 ms
kw4C5073Og4S2Q7KAACH Connect at Date : Tue Dec 19 2017 18:33:24 GMT+0100 (CET) 18 H 33 M 24 S 114 ms
yiZsPynSwz-f_NxsAACI Connect at Date : Tue Dec 19 2017 18:33:26 GMT+0100 (CET) 18 H 33 M 26 S 167 ms
CaFOurv0kBkUfMMIAACD Data : acces_site Date : Tue Dec 19 2017 18:33:27 GMT+0100 (CET) 18 H 33 M 27 S 40 ms
0nWh8V5TVJGxGwywAACJ Connect at Date : Tue Dec 19 2017 18:33:33 GMT+0100 (CET) 18 H 33 M 33 S 629 ms
M5J1cKZDoloT__QTAACK Connect at Date : Tue Dec 19 2017 18:33:34 GMT+0100 (CET) 18 H 33 M 34 S 473 ms
tYAKBljl6XWSqFLkAACL Connect at Date : Tue Dec 19 2017 18:33:35 GMT+0100 (CET) 18 H 33 M 35 S 252 ms
k2m-Xz7jFw1dH5CvAABr Disonnect at Date : Tue Dec 19 2017 18:33:36 GMT+0100 (CET) 18 H 33 M 36 S 517 ms
2lF1kbsGMoNYbFrvAAB2 Disonnect at Date : Tue Dec 19 2017 18:33:36 GMT+0100 (CET) 18 H 33 M 36 S 684 ms
P9w4LbRwtbLrTufmAAB6 Disonnect at Date : Tue Dec 19 2017 18:33:39 GMT+0100 (CET) 18 H 33 M 39 S 509 ms
J3p831UVwu5LFooMAAB7 Disonnect at Date : Tue Dec 19 2017 18:33:40 GMT+0100 (CET) 18 H 33 M 40 S 833 ms
7-qiO2kAO4NyJu4TAACM Connect at Date : Tue Dec 19 2017 18:33:42 GMT+0100 (CET) 18 H 33 M 42 S 955 ms
ce6UanAIiIK8JUU8AABu Disonnect at Date : Tue Dec 19 2017 18:33:47 GMT+0100 (CET) 18 H 33 M 47 S 438 ms
Z4xnV471f6Ni9QkQAACN Connect at Date : Tue Dec 19 2017 18:33:47 GMT+0100 (CET) 18 H 33 M 47 S 622 ms
n5B6U9AZfoJuSW8MAAB- Disonnect at Date : Tue Dec 19 2017 18:33:48 GMT+0100 (CET) 18 H 33 M 48 S 592 ms
Z4xnV471f6Ni9QkQAACN Data : init_appli Date : Tue Dec 19 2017 18:33:52 GMT+0100 (CET) 18 H 33 M 52 S 723 ms
Z4xnV471f6Ni9QkQAACN Data : soundtest Date : Tue Dec 19 2017 18:33:52 GMT+0100 (CET) 18 H 33 M 52 S 723 ms
Bkqecru2TiUs_0QXAACO Connect at Date : Tue Dec 19 2017 18:33:52 GMT+0100 (CET) 18 H 33 M 52 S 940 ms
Z4xnV471f6Ni9QkQAACN Data : acces_site Date : Tue Dec 19 2017 18:33:53 GMT+0100 (CET) 18 H 33 M 53 S 740 ms
clWtCMD88Zds7eFnAACB Disonnect at Date : Tue Dec 19 2017 18:34:01 GMT+0100 (CET) 18 H 34 M 1 S 17 ms
x3tY5kJc4bNBCQB5AACP Connect at Date : Tue Dec 19 2017 18:34:05 GMT+0100 (CET) 18 H 34 M 5 S 608 ms
gAKl5C3UcisJCWTVAACE Disonnect at Date : Tue Dec 19 2017 18:34:05 GMT+0100 (CET) 18 H 34 M 5 S 902 ms
xJ4wadoPclylxIUMAAAC Connect at Date : Tue Dec 19 2017 18:34:06 GMT+0100 (CET) 18 H 34 M 6 S 962 ms
HBo0Cl_bgHJrovDQAACQ Connect at Date : Tue Dec 19 2017 18:34:07 GMT+0100 (CET) 18 H 34 M 7 S 17 ms
-WD95ND4LA43rI4vAACA Disonnect at Date : Tue Dec 19 2017 18:34:07 GMT+0100 (CET) 18 H 34 M 7 S 911 ms
my9ghdUiWmbdlx0KAACF Disonnect at Date : Tue Dec 19 2017 18:34:09 GMT+0100 (CET) 18 H 34 M 9 S 34 ms
HoFxR6Ic-0IGeBmYAACR Connect at Date : Tue Dec 19 2017 18:34:09 GMT+0100 (CET) 18 H 34 M 9 S 214 ms
ToOJ6PKE7HWYnz_SAACS Connect at Date : Tue Dec 19 2017 18:34:09 GMT+0100 (CET) 18 H 34 M 9 S 958 ms
AWYTSztsmj5JAY5qAAB1 Disonnect at Date : Tue Dec 19 2017 18:34:10 GMT+0100 (CET) 18 H 34 M 10 S 334 ms
Xnb8FLExKlpg5LqVAACC Disonnect at Date : Tue Dec 19 2017 18:34:12 GMT+0100 (CET) 18 H 34 M 12 S 851 ms
Jd2F3n_k81CBWwF_AAA3 Disonnect at Date : Tue Dec 19 2017 18:34:15 GMT+0100 (CET) 18 H 34 M 15 S 310 ms
ANlMJNai9OBT82BMAABy Data : acces_site Date : Tue Dec 19 2017 18:34:16 GMT+0100 (CET) 18 H 34 M 16 S 470 ms
Z4xnV471f6Ni9QkQAACN Disonnect at Date : Tue Dec 19 2017 18:34:16 GMT+0100 (CET) 18 H 34 M 16 S 826 ms
CAGgL9aHCm6bld0gAACT Connect at Date : Tue Dec 19 2017 18:34:17 GMT+0100 (CET) 18 H 34 M 17 S 7 ms
yiZsPynSwz-f_NxsAACI Disonnect at Date : Tue Dec 19 2017 18:34:17 GMT+0100 (CET) 18 H 34 M 17 S 105 ms
CAGgL9aHCm6bld0gAACT Data : init_appli Date : Tue Dec 19 2017 18:34:18 GMT+0100 (CET) 18 H 34 M 18 S 640 ms
CAGgL9aHCm6bld0gAACT Data : soundtest Date : Tue Dec 19 2017 18:34:19 GMT+0100 (CET) 18 H 34 M 19 S 752 ms
cBECNsi7NZqifmTtAACU Connect at Date : Tue Dec 19 2017 18:34:22 GMT+0100 (CET) 18 H 34 M 22 S 178 ms
Oo8_r1YXRZxPGc8qAACV Connect at Date : Tue Dec 19 2017 18:34:22 GMT+0100 (CET) 18 H 34 M 22 S 413 ms
CAGgL9aHCm6bld0gAACT Data : acces_site Date : Tue Dec 19 2017 18:34:22 GMT+0100 (CET) 18 H 34 M 22 S 746 ms
0nWh8V5TVJGxGwywAACJ Data : acces_site Date : Tue Dec 19 2017 18:34:23 GMT+0100 (CET) 18 H 34 M 23 S 367 ms
OwkgHaOfX7rD6JTOAACW Connect at Date : Tue Dec 19 2017 18:34:24 GMT+0100 (CET) 18 H 34 M 24 S 853 ms
ToOJ6PKE7HWYnz_SAACS Disonnect at Date : Tue Dec 19 2017 18:34:25 GMT+0100 (CET) 18 H 34 M 25 S 66 ms
48qmQAx2o9qWnItrAACX Connect at Date : Tue Dec 19 2017 18:34:25 GMT+0100 (CET) 18 H 34 M 25 S 320 ms
48qmQAx2o9qWnItrAACX Data : init_appli Date : Tue Dec 19 2017 18:34:26 GMT+0100 (CET) 18 H 34 M 26 S 346 ms
tYAKBljl6XWSqFLkAACL Disonnect at Date : Tue Dec 19 2017 18:34:26 GMT+0100 (CET) 18 H 34 M 26 S 817 ms
gcJ1AdJCzPOkurvqAAB_ Disonnect at Date : Tue Dec 19 2017 18:34:27 GMT+0100 (CET) 18 H 34 M 27 S 628 ms
48qmQAx2o9qWnItrAACX Data : soundtest Date : Tue Dec 19 2017 18:34:27 GMT+0100 (CET) 18 H 34 M 27 S 996 ms
48qmQAx2o9qWnItrAACX Data : acces_site Date : Tue Dec 19 2017 18:34:29 GMT+0100 (CET) 18 H 34 M 29 S 585 ms
s9yJr3ljYVtA0eWrAACY Connect at Date : Tue Dec 19 2017 18:34:32 GMT+0100 (CET) 18 H 34 M 32 S 638 ms
7-qiO2kAO4NyJu4TAACM Disonnect at Date : Tue Dec 19 2017 18:34:33 GMT+0100 (CET) 18 H 34 M 33 S 104 ms
aaM8VFCD2D-boI8SAACZ Connect at Date : Tue Dec 19 2017 18:34:33 GMT+0100 (CET) 18 H 34 M 33 S 201 ms
htqD10St0A53UAgNAABk Disonnect at Date : Tue Dec 19 2017 18:34:34 GMT+0100 (CET) 18 H 34 M 34 S 360 ms
HQEt8M5RLudbZa2wAAB8 Disonnect at Date : Tue Dec 19 2017 18:34:34 GMT+0100 (CET) 18 H 34 M 34 S 628 ms
jzUAaeY76zi-nS8mAACa Connect at Date : Tue Dec 19 2017 18:34:35 GMT+0100 (CET) 18 H 34 M 35 S 619 ms
bmDdNr1psM22V_BGAAAC Connect at Date : Tue Dec 19 2017 18:34:36 GMT+0100 (CET) 18 H 34 M 36 S 427 ms
MzgGL6dDq3M0-ZwCAACb Connect at Date : Tue Dec 19 2017 18:34:38 GMT+0100 (CET) 18 H 34 M 38 S 802 ms
bmDdNr1psM22V_BGAAAC Data : init_appli Date : Tue Dec 19 2017 18:34:39 GMT+0100 (CET) 18 H 34 M 39 S 120 ms
hkr04XqqEE29eJR8AACc Connect at Date : Tue Dec 19 2017 18:34:39 GMT+0100 (CET) 18 H 34 M 39 S 747 ms
bmDdNr1psM22V_BGAAAC Data : acces_site Date : Tue Dec 19 2017 18:34:40 GMT+0100 (CET) 18 H 34 M 40 S 331 ms
kw4C5073Og4S2Q7KAACH Disonnect at Date : Tue Dec 19 2017 18:34:40 GMT+0100 (CET) 18 H 34 M 40 S 859 ms
aaM8VFCD2D-boI8SAACZ Data : init_appli Date : Tue Dec 19 2017 18:34:43 GMT+0100 (CET) 18 H 34 M 43 S 33 ms
Bkqecru2TiUs_0QXAACO Disonnect at Date : Tue Dec 19 2017 18:34:43 GMT+0100 (CET) 18 H 34 M 43 S 349 ms
1ZPhoLedZV1Te2vsAABb Data : init_appli Date : Tue Dec 19 2017 18:34:48 GMT+0100 (CET) 18 H 34 M 48 S 650 ms
CxPn1bwA_ExyrZwdAACd Connect at Date : Tue Dec 19 2017 18:34:49 GMT+0100 (CET) 18 H 34 M 49 S 380 ms
lOQAYHJdey2KdR3cAACe Connect at Date : Tue Dec 19 2017 18:34:49 GMT+0100 (CET) 18 H 34 M 49 S 904 ms
OwkgHaOfX7rD6JTOAACW Data : init_appli Date : Tue Dec 19 2017 18:34:49 GMT+0100 (CET) 18 H 34 M 49 S 995 ms
dUp1k-uLHFyM9L7zAACf Connect at Date : Tue Dec 19 2017 18:34:52 GMT+0100 (CET) 18 H 34 M 52 S 239 ms
OwkgHaOfX7rD6JTOAACW Data : soundtest Date : Tue Dec 19 2017 18:34:52 GMT+0100 (CET) 18 H 34 M 52 S 608 ms
6-jMMxxbqxK9bII7AABf Disonnect at Date : Tue Dec 19 2017 18:34:56 GMT+0100 (CET) 18 H 34 M 56 S 857 ms
RbSEzZXVHgHGj3rYAACg Connect at Date : Tue Dec 19 2017 18:34:57 GMT+0100 (CET) 18 H 34 M 57 S 10 ms
xJ4wadoPclylxIUMAAAC Disonnect at Date : Tue Dec 19 2017 18:34:57 GMT+0100 (CET) 18 H 34 M 57 S 373 ms
1ZPhoLedZV1Te2vsAABb Data : soundtest Date : Tue Dec 19 2017 18:34:58 GMT+0100 (CET) 18 H 34 M 58 S 709 ms
CaFOurv0kBkUfMMIAACD Disonnect at Date : Tue Dec 19 2017 18:34:59 GMT+0100 (CET) 18 H 34 M 59 S 509 ms
HoFxR6Ic-0IGeBmYAACR Disonnect at Date : Tue Dec 19 2017 18:34:59 GMT+0100 (CET) 18 H 34 M 59 S 653 ms
M5J1cKZDoloT__QTAACK Disonnect at Date : Tue Dec 19 2017 18:34:59 GMT+0100 (CET) 18 H 34 M 59 S 759 ms
_LbMsnXyPtJUCtfcAAA6 Data : init_appli Date : Tue Dec 19 2017 18:35:01 GMT+0100 (CET) 18 H 35 M 1 S 446 ms
RbSEzZXVHgHGj3rYAACg Data : init_appli Date : Tue Dec 19 2017 18:35:02 GMT+0100 (CET) 18 H 35 M 2 S 85 ms
V16Av2W8FTN1nN9hAAAD Connect at Date : Tue Dec 19 2017 18:35:02 GMT+0100 (CET) 18 H 35 M 2 S 517 ms
V16Av2W8FTN1nN9hAAAD Data : init_appli Date : Tue Dec 19 2017 18:35:02 GMT+0100 (CET) 18 H 35 M 2 S 623 ms
7M-WqDOpJ4wLeINxAACh Connect at Date : Tue Dec 19 2017 18:35:03 GMT+0100 (CET) 18 H 35 M 3 S 364 ms
7M-WqDOpJ4wLeINxAACh Data : init_appli Date : Tue Dec 19 2017 18:35:04 GMT+0100 (CET) 18 H 35 M 4 S 878 ms
OwkgHaOfX7rD6JTOAACW Data : acces_site Date : Tue Dec 19 2017 18:35:05 GMT+0100 (CET) 18 H 35 M 5 S 237 ms
tNx8SmPGX_C7NaAAAACi Connect at Date : Tue Dec 19 2017 18:35:05 GMT+0100 (CET) 18 H 35 M 5 S 323 ms
tNx8SmPGX_C7NaAAAACi Data : init_appli Date : Tue Dec 19 2017 18:35:05 GMT+0100 (CET) 18 H 35 M 5 S 378 ms
aaM8VFCD2D-boI8SAACZ Data : acces_site Date : Tue Dec 19 2017 18:35:07 GMT+0100 (CET) 18 H 35 M 7 S 401 ms
tNx8SmPGX_C7NaAAAACi Data : soundtest Date : Tue Dec 19 2017 18:35:07 GMT+0100 (CET) 18 H 35 M 7 S 613 ms
_LbMsnXyPtJUCtfcAAA6 Data : acces_site Date : Tue Dec 19 2017 18:35:07 GMT+0100 (CET) 18 H 35 M 7 S 729 ms
V16Av2W8FTN1nN9hAAAD Data : acces_site Date : Tue Dec 19 2017 18:35:08 GMT+0100 (CET) 18 H 35 M 8 S 494 ms
RHkJc1gpMXvQTr0mAACj Connect at Date : Tue Dec 19 2017 18:35:08 GMT+0100 (CET) 18 H 35 M 8 S 517 ms
7M-WqDOpJ4wLeINxAACh Data : acces_site Date : Tue Dec 19 2017 18:35:09 GMT+0100 (CET) 18 H 35 M 9 S 721 ms
0nWh8V5TVJGxGwywAACJ Disonnect at Date : Tue Dec 19 2017 18:35:13 GMT+0100 (CET) 18 H 35 M 13 S 736 ms
dt1HKGpmUEzjcxK3AACk Connect at Date : Tue Dec 19 2017 18:35:14 GMT+0100 (CET) 18 H 35 M 14 S 314 ms
RbSEzZXVHgHGj3rYAACg Data : acces_site Date : Tue Dec 19 2017 18:35:16 GMT+0100 (CET) 18 H 35 M 16 S 916 ms
hv8kWaN63MAEKQlCAAB5 Disonnect at Date : Tue Dec 19 2017 18:35:18 GMT+0100 (CET) 18 H 35 M 18 S 420 ms
ZUadpaaEHYQ0fblXAACl Connect at Date : Tue Dec 19 2017 18:35:18 GMT+0100 (CET) 18 H 35 M 18 S 559 ms
6GdiFj2InXRVx4s-AACm Connect at Date : Tue Dec 19 2017 18:35:19 GMT+0100 (CET) 18 H 35 M 19 S 803 ms
qZBt6Ui16Dt93YQcAACn Connect at Date : Tue Dec 19 2017 18:35:21 GMT+0100 (CET) 18 H 35 M 21 S 54 ms
2zUSGDpLnyhgQkFAAACo Connect at Date : Tue Dec 19 2017 18:35:23 GMT+0100 (CET) 18 H 35 M 23 S 419 ms
qZBt6Ui16Dt93YQcAACn Data : acces_site Date : Tue Dec 19 2017 18:35:23 GMT+0100 (CET) 18 H 35 M 23 S 469 ms
jzUAaeY76zi-nS8mAACa Disonnect at Date : Tue Dec 19 2017 18:35:26 GMT+0100 (CET) 18 H 35 M 26 S 166 ms
EXNmeCzZVvj9zyL-AACG Disonnect at Date : Tue Dec 19 2017 18:35:27 GMT+0100 (CET) 18 H 35 M 27 S 282 ms
A0Zz8fPI5IO8dx-ZAACp Connect at Date : Tue Dec 19 2017 18:35:27 GMT+0100 (CET) 18 H 35 M 27 S 753 ms
A0Zz8fPI5IO8dx-ZAACp Data : init_appli Date : Tue Dec 19 2017 18:35:29 GMT+0100 (CET) 18 H 35 M 29 S 16 ms
hkr04XqqEE29eJR8AACc Disonnect at Date : Tue Dec 19 2017 18:35:29 GMT+0100 (CET) 18 H 35 M 29 S 949 ms
A0Zz8fPI5IO8dx-ZAACp Data : acces_site Date : Tue Dec 19 2017 18:35:30 GMT+0100 (CET) 18 H 35 M 30 S 28 ms
1ZPhoLedZV1Te2vsAABb Data : acces_site Date : Tue Dec 19 2017 18:35:31 GMT+0100 (CET) 18 H 35 M 31 S 3 ms
HBo0Cl_bgHJrovDQAACQ Disonnect at Date : Tue Dec 19 2017 18:35:32 GMT+0100 (CET) 18 H 35 M 32 S 76 ms
bROmoEx5t88a5UgbAACq Connect at Date : Tue Dec 19 2017 18:35:33 GMT+0100 (CET) 18 H 35 M 33 S 826 ms
EO8JIhFbx4ZcYZmzAACr Connect at Date : Tue Dec 19 2017 18:35:35 GMT+0100 (CET) 18 H 35 M 35 S 559 ms
rE-N9zNtU8rs6e_2AACs Connect at Date : Tue Dec 19 2017 18:35:38 GMT+0100 (CET) 18 H 35 M 38 S 879 ms
CxPn1bwA_ExyrZwdAACd Disonnect at Date : Tue Dec 19 2017 18:35:39 GMT+0100 (CET) 18 H 35 M 39 S 518 ms
lOQAYHJdey2KdR3cAACe Disonnect at Date : Tue Dec 19 2017 18:35:40 GMT+0100 (CET) 18 H 35 M 40 S 88 ms
bROmoEx5t88a5UgbAACq Data : init_appli Date : Tue Dec 19 2017 18:35:40 GMT+0100 (CET) 18 H 35 M 40 S 370 ms
GZEbyBkWdK42mq5GAACt Connect at Date : Tue Dec 19 2017 18:35:41 GMT+0100 (CET) 18 H 35 M 41 S 630 ms
kPToZ5MXA84UXSg7AACu Connect at Date : Tue Dec 19 2017 18:35:49 GMT+0100 (CET) 18 H 35 M 49 S 771 ms
BcQpIcaN1Ks6VT2mAACv Connect at Date : Tue Dec 19 2017 18:35:51 GMT+0100 (CET) 18 H 35 M 51 S 336 ms
bROmoEx5t88a5UgbAACq Data : soundtest Date : Tue Dec 19 2017 18:35:52 GMT+0100 (CET) 18 H 35 M 52 S 663 ms
p9Q9fozNq-KByWa3AACw Connect at Date : Tue Dec 19 2017 18:35:55 GMT+0100 (CET) 18 H 35 M 55 S 69 ms
TyXvGnkvfUrOcPVzAACx Connect at Date : Tue Dec 19 2017 18:35:58 GMT+0100 (CET) 18 H 35 M 58 S 246 ms
TyXvGnkvfUrOcPVzAACx Data : acces_site Date : Tue Dec 19 2017 18:35:58 GMT+0100 (CET) 18 H 35 M 58 S 702 ms
y1W1UqSkP43FoppAAACy Connect at Date : Tue Dec 19 2017 18:36:00 GMT+0100 (CET) 18 H 36 M 0 S 731 ms
OV8PT9YDcvg0RBWRAABt Disonnect at Date : Tue Dec 19 2017 18:36:02 GMT+0100 (CET) 18 H 36 M 2 S 258 ms
ANRKg9EpDy7az-TOAACz Connect at Date : Tue Dec 19 2017 18:36:02 GMT+0100 (CET) 18 H 36 M 2 S 260 ms
BcQpIcaN1Ks6VT2mAACv Data : init_appli Date : Tue Dec 19 2017 18:36:03 GMT+0100 (CET) 18 H 36 M 3 S 589 ms
gclUz5TIsZ9Sc4GUAAC0 Connect at Date : Tue Dec 19 2017 18:36:04 GMT+0100 (CET) 18 H 36 M 4 S 678 ms
R0MGNFb7TYOZ9T2lAAC1 Connect at Date : Tue Dec 19 2017 18:36:06 GMT+0100 (CET) 18 H 36 M 6 S 69 ms
ANRKg9EpDy7az-TOAACz Data : init_appli Date : Tue Dec 19 2017 18:36:07 GMT+0100 (CET) 18 H 36 M 7 S 56 ms
gclUz5TIsZ9Sc4GUAAC0 Data : init_appli Date : Tue Dec 19 2017 18:36:08 GMT+0100 (CET) 18 H 36 M 8 S 439 ms
BcQpIcaN1Ks6VT2mAACv Data : soundtest Date : Tue Dec 19 2017 18:36:08 GMT+0100 (CET) 18 H 36 M 8 S 787 ms
gclUz5TIsZ9Sc4GUAAC0 Data : soundtest Date : Tue Dec 19 2017 18:36:08 GMT+0100 (CET) 18 H 36 M 8 S 887 ms
dUp1k-uLHFyM9L7zAACf Data : init_appli Date : Tue Dec 19 2017 18:36:10 GMT+0100 (CET) 18 H 36 M 10 S 489 ms
bROmoEx5t88a5UgbAACq Data : soundtest Date : Tue Dec 19 2017 18:36:10 GMT+0100 (CET) 18 H 36 M 10 S 558 ms
x3tY5kJc4bNBCQB5AACP Disonnect at Date : Tue Dec 19 2017 18:36:10 GMT+0100 (CET) 18 H 36 M 10 S 709 ms
gclUz5TIsZ9Sc4GUAAC0 Data : acces_site Date : Tue Dec 19 2017 18:36:11 GMT+0100 (CET) 18 H 36 M 11 S 76 ms
cdzMwJIwraI0kqk0AAC2 Connect at Date : Tue Dec 19 2017 18:36:12 GMT+0100 (CET) 18 H 36 M 12 S 766 ms
bROmoEx5t88a5UgbAACq Data : soundtest Date : Tue Dec 19 2017 18:36:13 GMT+0100 (CET) 18 H 36 M 13 S 133 ms
qZBt6Ui16Dt93YQcAACn Disonnect at Date : Tue Dec 19 2017 18:36:13 GMT+0100 (CET) 18 H 36 M 13 S 471 ms
BcQpIcaN1Ks6VT2mAACv Data : acces_site Date : Tue Dec 19 2017 18:36:13 GMT+0100 (CET) 18 H 36 M 13 S 891 ms
R0MGNFb7TYOZ9T2lAAC1 Data : init_appli Date : Tue Dec 19 2017 18:36:14 GMT+0100 (CET) 18 H 36 M 14 S 675 ms
R0MGNFb7TYOZ9T2lAAC1 Data : acces_site Date : Tue Dec 19 2017 18:36:15 GMT+0100 (CET) 18 H 36 M 15 S 598 ms
rU2mN70uHs7TbBRXAAC3 Connect at Date : Tue Dec 19 2017 18:36:15 GMT+0100 (CET) 18 H 36 M 15 S 773 ms
bROmoEx5t88a5UgbAACq Data : soundtest Date : Tue Dec 19 2017 18:36:15 GMT+0100 (CET) 18 H 36 M 15 S 804 ms
cdzMwJIwraI0kqk0AAC2 Data : init_appli Date : Tue Dec 19 2017 18:36:15 GMT+0100 (CET) 18 H 36 M 15 S 863 ms
ANRKg9EpDy7az-TOAACz Data : acces_site Date : Tue Dec 19 2017 18:36:16 GMT+0100 (CET) 18 H 36 M 16 S 656 ms
bROmoEx5t88a5UgbAACq Data : soundtest Date : Tue Dec 19 2017 18:36:18 GMT+0100 (CET) 18 H 36 M 18 S 636 ms
dUp1k-uLHFyM9L7zAACf Data : acces_site Date : Tue Dec 19 2017 18:36:18 GMT+0100 (CET) 18 H 36 M 18 S 670 ms
f9jbGrb0Fyv87dJhAAC4 Connect at Date : Tue Dec 19 2017 18:36:21 GMT+0100 (CET) 18 H 36 M 21 S 257 ms
rU2mN70uHs7TbBRXAAC3 Data : acces_site Date : Tue Dec 19 2017 18:36:22 GMT+0100 (CET) 18 H 36 M 22 S 438 ms
P6F6BKoqkgsGWrPBAAC5 Connect at Date : Tue Dec 19 2017 18:36:23 GMT+0100 (CET) 18 H 36 M 23 S 989 ms
P4tRVQQO8qZGWmGAAAC6 Connect at Date : Tue Dec 19 2017 18:36:26 GMT+0100 (CET) 18 H 36 M 26 S 277 ms
EO8JIhFbx4ZcYZmzAACr Disonnect at Date : Tue Dec 19 2017 18:36:27 GMT+0100 (CET) 18 H 36 M 27 S 571 ms
cdzMwJIwraI0kqk0AAC2 Data : acces_site Date : Tue Dec 19 2017 18:36:29 GMT+0100 (CET) 18 H 36 M 29 S 99 ms
rE-N9zNtU8rs6e_2AACs Disonnect at Date : Tue Dec 19 2017 18:36:29 GMT+0100 (CET) 18 H 36 M 29 S 226 ms
lsPMUx7jUu7ovVe8AAB4 Disonnect at Date : Tue Dec 19 2017 18:36:32 GMT+0100 (CET) 18 H 36 M 32 S 996 ms
Hyj4xiQu_lXxuDugAAC7 Connect at Date : Tue Dec 19 2017 18:36:35 GMT+0100 (CET) 18 H 36 M 35 S 260 ms
MPgVGNqZMvR6J2Q8AAC8 Connect at Date : Tue Dec 19 2017 18:36:36 GMT+0100 (CET) 18 H 36 M 36 S 729 ms
YFChJIW0uqb-T_7EAAC9 Connect at Date : Tue Dec 19 2017 18:36:38 GMT+0100 (CET) 18 H 36 M 38 S 715 ms
-Jmg7e_5B2oG6uT-AAC- Connect at Date : Tue Dec 19 2017 18:36:42 GMT+0100 (CET) 18 H 36 M 42 S 405 ms
p9Q9fozNq-KByWa3AACw Disonnect at Date : Tue Dec 19 2017 18:36:45 GMT+0100 (CET) 18 H 36 M 45 S 406 ms
2zUSGDpLnyhgQkFAAACo Disonnect at Date : Tue Dec 19 2017 18:36:48 GMT+0100 (CET) 18 H 36 M 48 S 468 ms
TyXvGnkvfUrOcPVzAACx Disonnect at Date : Tue Dec 19 2017 18:36:48 GMT+0100 (CET) 18 H 36 M 48 S 708 ms
y1W1UqSkP43FoppAAACy Disonnect at Date : Tue Dec 19 2017 18:36:51 GMT+0100 (CET) 18 H 36 M 51 S 36 ms
tNx8SmPGX_C7NaAAAACi Data : acces_site Date : Tue Dec 19 2017 18:36:51 GMT+0100 (CET) 18 H 36 M 51 S 240 ms
uCUesmtqYbYRL_XeAAC_ Connect at Date : Tue Dec 19 2017 18:36:56 GMT+0100 (CET) 18 H 36 M 56 S 264 ms
bROmoEx5t88a5UgbAACq Data : soundtest Date : Tue Dec 19 2017 18:36:58 GMT+0100 (CET) 18 H 36 M 58 S 427 ms
bIDDoCC8HrJ2lM_3AADA Connect at Date : Tue Dec 19 2017 18:36:59 GMT+0100 (CET) 18 H 36 M 59 S 91 ms
GZEbyBkWdK42mq5GAACt Data : acces_site Date : Tue Dec 19 2017 18:37:01 GMT+0100 (CET) 18 H 37 M 1 S 814 ms
bROmoEx5t88a5UgbAACq Data : acces_site Date : Tue Dec 19 2017 18:37:03 GMT+0100 (CET) 18 H 37 M 3 S 235 ms
kPToZ5MXA84UXSg7AACu Disonnect at Date : Tue Dec 19 2017 18:37:05 GMT+0100 (CET) 18 H 37 M 5 S 58 ms
uCUesmtqYbYRL_XeAAC_ Data : init_appli Date : Tue Dec 19 2017 18:37:05 GMT+0100 (CET) 18 H 37 M 5 S 712 ms
RpqPL_o2xa0787hwAADB Connect at Date : Tue Dec 19 2017 18:37:06 GMT+0100 (CET) 18 H 37 M 6 S 213 ms
uCUesmtqYbYRL_XeAAC_ Data : acces_site Date : Tue Dec 19 2017 18:37:08 GMT+0100 (CET) 18 H 37 M 8 S 240 ms
Gg_iBGs_GE2Ojp7IAADC Connect at Date : Tue Dec 19 2017 18:37:08 GMT+0100 (CET) 18 H 37 M 8 S 312 ms
f9jbGrb0Fyv87dJhAAC4 Disonnect at Date : Tue Dec 19 2017 18:37:12 GMT+0100 (CET) 18 H 37 M 12 S 181 ms
g9ODWmSsm5dRyZesAADD Connect at Date : Tue Dec 19 2017 18:37:13 GMT+0100 (CET) 18 H 37 M 13 S 563 ms
eY_d1U-jUqsdTaP-AADE Connect at Date : Tue Dec 19 2017 18:37:14 GMT+0100 (CET) 18 H 37 M 14 S 332 ms
P6F6BKoqkgsGWrPBAAC5 Disonnect at Date : Tue Dec 19 2017 18:37:14 GMT+0100 (CET) 18 H 37 M 14 S 883 ms
P4tRVQQO8qZGWmGAAAC6 Disonnect at Date : Tue Dec 19 2017 18:37:16 GMT+0100 (CET) 18 H 37 M 16 S 590 ms
bIDDoCC8HrJ2lM_3AADA Data : init_appli Date : Tue Dec 19 2017 18:37:22 GMT+0100 (CET) 18 H 37 M 22 S 973 ms
hl_68J1EEbbHu6DLAADF Connect at Date : Tue Dec 19 2017 18:37:26 GMT+0100 (CET) 18 H 37 M 26 S 394 ms
Dsu2edb_gmaERh2FAADG Connect at Date : Tue Dec 19 2017 18:37:27 GMT+0100 (CET) 18 H 37 M 27 S 849 ms
aaM8VFCD2D-boI8SAACZ Disonnect at Date : Tue Dec 19 2017 18:37:28 GMT+0100 (CET) 18 H 37 M 28 S 480 ms
3b9mDnBiBdLhyrfwAADH Connect at Date : Tue Dec 19 2017 18:37:29 GMT+0100 (CET) 18 H 37 M 29 S 758 ms
0MLsBl6Vo6CK2Lh-AADI Connect at Date : Tue Dec 19 2017 18:37:31 GMT+0100 (CET) 18 H 37 M 31 S 208 ms
bIDDoCC8HrJ2lM_3AADA Data : soundtest Date : Tue Dec 19 2017 18:37:32 GMT+0100 (CET) 18 H 37 M 32 S 353 ms
A0Zz8fPI5IO8dx-ZAACp Disonnect at Date : Tue Dec 19 2017 18:37:32 GMT+0100 (CET) 18 H 37 M 32 S 905 ms
E3PQq78no30QuzgLAADJ Connect at Date : Tue Dec 19 2017 18:37:33 GMT+0100 (CET) 18 H 37 M 33 S 368 ms
E3PQq78no30QuzgLAADJ Data : init_appli Date : Tue Dec 19 2017 18:37:35 GMT+0100 (CET) 18 H 37 M 35 S 252 ms
OgpL5jPOVPsgrdeAAADK Connect at Date : Tue Dec 19 2017 18:37:36 GMT+0100 (CET) 18 H 37 M 36 S 38 ms
ZAGcSRo71hNWLMk8AADL Connect at Date : Tue Dec 19 2017 18:37:37 GMT+0100 (CET) 18 H 37 M 37 S 767 ms
E3PQq78no30QuzgLAADJ Data : acces_site Date : Tue Dec 19 2017 18:37:38 GMT+0100 (CET) 18 H 37 M 38 S 157 ms
KbZ2WBKxWUBGXHkWAADM Connect at Date : Tue Dec 19 2017 18:37:38 GMT+0100 (CET) 18 H 37 M 38 S 649 ms
Hyj4xiQu_lXxuDugAAC7 Data : acces_site Date : Tue Dec 19 2017 18:37:39 GMT+0100 (CET) 18 H 37 M 39 S 150 ms
eY_d1U-jUqsdTaP-AADE Data : init_appli Date : Tue Dec 19 2017 18:37:39 GMT+0100 (CET) 18 H 37 M 39 S 201 ms
ZAGcSRo71hNWLMk8AADL Data : init_appli Date : Tue Dec 19 2017 18:37:40 GMT+0100 (CET) 18 H 37 M 40 S 397 ms
KM1dnalVdkaBI-LSAADN Connect at Date : Tue Dec 19 2017 18:37:40 GMT+0100 (CET) 18 H 37 M 40 S 504 ms
OgpL5jPOVPsgrdeAAADK Data : acces_site Date : Tue Dec 19 2017 18:37:48 GMT+0100 (CET) 18 H 37 M 48 S 472 ms
dUp1k-uLHFyM9L7zAACf Disonnect at Date : Tue Dec 19 2017 18:37:56 GMT+0100 (CET) 18 H 37 M 56 S 986 ms
0CWYgxrGqfMwN_NLAADO Connect at Date : Tue Dec 19 2017 18:37:57 GMT+0100 (CET) 18 H 37 M 57 S 218 ms
ZAGcSRo71hNWLMk8AADL Data : acces_site Date : Tue Dec 19 2017 18:37:58 GMT+0100 (CET) 18 H 37 M 58 S 921 ms
0CWYgxrGqfMwN_NLAADO Data : init_appli Date : Tue Dec 19 2017 18:37:59 GMT+0100 (CET) 18 H 37 M 59 S 926 ms
lUkxbyKsp-AUdbavAADP Connect at Date : Tue Dec 19 2017 18:38:00 GMT+0100 (CET) 18 H 38 M 0 S 882 ms
YFChJIW0uqb-T_7EAAC9 Disonnect at Date : Tue Dec 19 2017 18:38:06 GMT+0100 (CET) 18 H 38 M 6 S 331 ms
-Jmg7e_5B2oG6uT-AAC- Disonnect at Date : Tue Dec 19 2017 18:38:07 GMT+0100 (CET) 18 H 38 M 7 S 563 ms
0CWYgxrGqfMwN_NLAADO Data : acces_site Date : Tue Dec 19 2017 18:38:08 GMT+0100 (CET) 18 H 38 M 8 S 112 ms
Gg_iBGs_GE2Ojp7IAADC Data : init_appli Date : Tue Dec 19 2017 18:38:15 GMT+0100 (CET) 18 H 38 M 15 S 216 ms
hl_68J1EEbbHu6DLAADF Disonnect at Date : Tue Dec 19 2017 18:38:16 GMT+0100 (CET) 18 H 38 M 16 S 849 ms
SSHLzBd4e-PbE7uQAADQ Connect at Date : Tue Dec 19 2017 18:38:17 GMT+0100 (CET) 18 H 38 M 17 S 41 ms
s1gxdEheGC80zJtUAADR Connect at Date : Tue Dec 19 2017 18:38:19 GMT+0100 (CET) 18 H 38 M 19 S 101 ms
Gg_iBGs_GE2Ojp7IAADC Data : soundtest Date : Tue Dec 19 2017 18:38:25 GMT+0100 (CET) 18 H 38 M 25 S 231 ms
Gg_iBGs_GE2Ojp7IAADC Data : soundtest Date : Tue Dec 19 2017 18:38:30 GMT+0100 (CET) 18 H 38 M 30 S 763 ms
fVshysvODk_kv8FoAADS Connect at Date : Tue Dec 19 2017 18:38:31 GMT+0100 (CET) 18 H 38 M 31 S 146 ms
eY_d1U-jUqsdTaP-AADE Data : acces_site Date : Tue Dec 19 2017 18:38:31 GMT+0100 (CET) 18 H 38 M 31 S 673 ms
fVshysvODk_kv8FoAADS Data : init_appli Date : Tue Dec 19 2017 18:38:32 GMT+0100 (CET) 18 H 38 M 32 S 335 ms
fVshysvODk_kv8FoAADS Data : acces_site Date : Tue Dec 19 2017 18:38:33 GMT+0100 (CET) 18 H 38 M 33 S 413 ms
g2_kMqenhypvrlFSAADT Connect at Date : Tue Dec 19 2017 18:38:35 GMT+0100 (CET) 18 H 38 M 35 S 365 ms
UX9wVjLY2hnsVL-EAADU Connect at Date : Tue Dec 19 2017 18:38:35 GMT+0100 (CET) 18 H 38 M 35 S 485 ms
uCUesmtqYbYRL_XeAAC_ Disonnect at Date : Tue Dec 19 2017 18:38:36 GMT+0100 (CET) 18 H 38 M 36 S 361 ms
4YXsGNu3ZRUC6PxnAADV Connect at Date : Tue Dec 19 2017 18:38:36 GMT+0100 (CET) 18 H 38 M 36 S 928 ms
g9ODWmSsm5dRyZesAADD Disonnect at Date : Tue Dec 19 2017 18:38:38 GMT+0100 (CET) 18 H 38 M 38 S 666 ms
Gg_iBGs_GE2Ojp7IAADC Data : soundtest Date : Tue Dec 19 2017 18:38:41 GMT+0100 (CET) 18 H 38 M 41 S 913 ms
L7d47E43bs2lmEAlAADW Connect at Date : Tue Dec 19 2017 18:38:45 GMT+0100 (CET) 18 H 38 M 45 S 550 ms
t0bbjgS3VYlJsVbxAADX Connect at Date : Tue Dec 19 2017 18:38:48 GMT+0100 (CET) 18 H 38 M 48 S 234 ms
eAehF7znGu52AEY9AADY Connect at Date : Tue Dec 19 2017 18:38:48 GMT+0100 (CET) 18 H 38 M 48 S 369 ms
Gg_iBGs_GE2Ojp7IAADC Data : soundtest Date : Tue Dec 19 2017 18:38:49 GMT+0100 (CET) 18 H 38 M 49 S 719 ms
Dsu2edb_gmaERh2FAADG Disonnect at Date : Tue Dec 19 2017 18:38:52 GMT+0100 (CET) 18 H 38 M 52 S 978 ms
Gg_iBGs_GE2Ojp7IAADC Data : acces_site Date : Tue Dec 19 2017 18:38:53 GMT+0100 (CET) 18 H 38 M 53 S 243 ms
3b9mDnBiBdLhyrfwAADH Disonnect at Date : Tue Dec 19 2017 18:38:54 GMT+0100 (CET) 18 H 38 M 54 S 875 ms
KbZ2WBKxWUBGXHkWAADM Disonnect at Date : Tue Dec 19 2017 18:38:55 GMT+0100 (CET) 18 H 38 M 55 S 12 ms
cBECNsi7NZqifmTtAACU Disonnect at Date : Tue Dec 19 2017 18:38:57 GMT+0100 (CET) 18 H 38 M 57 S 528 ms
bIDDoCC8HrJ2lM_3AADA Data : acces_site Date : Tue Dec 19 2017 18:39:02 GMT+0100 (CET) 18 H 39 M 2 S 401 ms
ZUadpaaEHYQ0fblXAACl Disonnect at Date : Tue Dec 19 2017 18:39:03 GMT+0100 (CET) 18 H 39 M 3 S 758 ms
RbSEzZXVHgHGj3rYAACg Disonnect at Date : Tue Dec 19 2017 18:39:04 GMT+0100 (CET) 18 H 39 M 4 S 268 ms
ea0uupNRCDfSrwX7AADZ Connect at Date : Tue Dec 19 2017 18:39:04 GMT+0100 (CET) 18 H 39 M 4 S 399 ms
_0pZpgElYaTuVLfdAADa Connect at Date : Tue Dec 19 2017 18:39:04 GMT+0100 (CET) 18 H 39 M 4 S 405 ms
_0pZpgElYaTuVLfdAADa Data : init_appli Date : Tue Dec 19 2017 18:39:05 GMT+0100 (CET) 18 H 39 M 5 S 567 ms
_0pZpgElYaTuVLfdAADa Data : acces_site Date : Tue Dec 19 2017 18:39:07 GMT+0100 (CET) 18 H 39 M 7 S 20 ms
BweFHyxjXhxIjhNyAAAC Connect at Date : Tue Dec 19 2017 18:39:17 GMT+0100 (CET) 18 H 39 M 17 S 54 ms
0CWYgxrGqfMwN_NLAADO Disonnect at Date : Tue Dec 19 2017 18:39:17 GMT+0100 (CET) 18 H 39 M 17 S 709 ms
6UV5QaxyNgGujW7wAADb Connect at Date : Tue Dec 19 2017 18:39:17 GMT+0100 (CET) 18 H 39 M 17 S 886 ms
6UV5QaxyNgGujW7wAADb Data : init_appli Date : Tue Dec 19 2017 18:39:20 GMT+0100 (CET) 18 H 39 M 20 S 127 ms
oIl9nwiinB3AakmmAADc Connect at Date : Tue Dec 19 2017 18:39:20 GMT+0100 (CET) 18 H 39 M 20 S 229 ms
eY_d1U-jUqsdTaP-AADE Disonnect at Date : Tue Dec 19 2017 18:39:21 GMT+0100 (CET) 18 H 39 M 21 S 544 ms
lUkxbyKsp-AUdbavAADP Disonnect at Date : Tue Dec 19 2017 18:39:26 GMT+0100 (CET) 18 H 39 M 26 S 10 ms
R0MGNFb7TYOZ9T2lAAC1 Disonnect at Date : Tue Dec 19 2017 18:39:26 GMT+0100 (CET) 18 H 39 M 26 S 316 ms
dFiGMouhsdf6MWfsAADd Connect at Date : Tue Dec 19 2017 18:39:27 GMT+0100 (CET) 18 H 39 M 27 S 420 ms
pQygri6Mg_3qRLv9AADe Connect at Date : Tue Dec 19 2017 18:39:28 GMT+0100 (CET) 18 H 39 M 28 S 10 ms
6UV5QaxyNgGujW7wAADb Data : acces_site Date : Tue Dec 19 2017 18:39:32 GMT+0100 (CET) 18 H 39 M 32 S 627 ms
pQygri6Mg_3qRLv9AADe Data : init_appli Date : Tue Dec 19 2017 18:39:34 GMT+0100 (CET) 18 H 39 M 34 S 483 ms
cBijuLyHABMX6MqkAADf Connect at Date : Tue Dec 19 2017 18:39:35 GMT+0100 (CET) 18 H 39 M 35 S 790 ms
pQygri6Mg_3qRLv9AADe Data : soundtest Date : Tue Dec 19 2017 18:39:36 GMT+0100 (CET) 18 H 39 M 36 S 194 ms
RpqPL_o2xa0787hwAADB Disonnect at Date : Tue Dec 19 2017 18:39:36 GMT+0100 (CET) 18 H 39 M 36 S 277 ms
BcQpIcaN1Ks6VT2mAACv Disonnect at Date : Tue Dec 19 2017 18:39:37 GMT+0100 (CET) 18 H 39 M 37 S 465 ms
OzKeNSL-9ok9BOgjAADg Connect at Date : Tue Dec 19 2017 18:39:38 GMT+0100 (CET) 18 H 39 M 38 S 281 ms
OgpL5jPOVPsgrdeAAADK Disonnect at Date : Tue Dec 19 2017 18:39:41 GMT+0100 (CET) 18 H 39 M 41 S 84 ms
SSHLzBd4e-PbE7uQAADQ Disonnect at Date : Tue Dec 19 2017 18:39:42 GMT+0100 (CET) 18 H 39 M 42 S 169 ms
pQygri6Mg_3qRLv9AADe Data : acces_site Date : Tue Dec 19 2017 18:39:42 GMT+0100 (CET) 18 H 39 M 42 S 560 ms
lAqRSVkLKPjlLBRRAADh Connect at Date : Tue Dec 19 2017 18:39:44 GMT+0100 (CET) 18 H 39 M 44 S 390 ms
AtN_kFqLXrizyEw5AADi Connect at Date : Tue Dec 19 2017 18:39:49 GMT+0100 (CET) 18 H 39 M 49 S 142 ms
lAqRSVkLKPjlLBRRAADh Data : init_appli Date : Tue Dec 19 2017 18:39:51 GMT+0100 (CET) 18 H 39 M 51 S 232 ms
UX9wVjLY2hnsVL-EAADU Disonnect at Date : Tue Dec 19 2017 18:39:51 GMT+0100 (CET) 18 H 39 M 51 S 402 ms
GZEbyBkWdK42mq5GAACt Disonnect at Date : Tue Dec 19 2017 18:39:52 GMT+0100 (CET) 18 H 39 M 52 S 718 ms
tE4ZPRQvyh3gjmwDAADj Connect at Date : Tue Dec 19 2017 18:39:53 GMT+0100 (CET) 18 H 39 M 53 S 350 ms
AtN_kFqLXrizyEw5AADi Data : init_appli Date : Tue Dec 19 2017 18:39:53 GMT+0100 (CET) 18 H 39 M 53 S 609 ms
ea0uupNRCDfSrwX7AADZ Disonnect at Date : Tue Dec 19 2017 18:39:54 GMT+0100 (CET) 18 H 39 M 54 S 944 ms
4YXsGNu3ZRUC6PxnAADV Disonnect at Date : Tue Dec 19 2017 18:39:57 GMT+0100 (CET) 18 H 39 M 57 S 561 ms
KM1dnalVdkaBI-LSAADN Data : init_appli Date : Tue Dec 19 2017 18:39:58 GMT+0100 (CET) 18 H 39 M 58 S 544 ms
AtN_kFqLXrizyEw5AADi Data : soundtest Date : Tue Dec 19 2017 18:39:58 GMT+0100 (CET) 18 H 39 M 58 S 795 ms
s1gxdEheGC80zJtUAADR Disonnect at Date : Tue Dec 19 2017 18:40:00 GMT+0100 (CET) 18 H 40 M 0 S 770 ms
ZAGcSRo71hNWLMk8AADL Disonnect at Date : Tue Dec 19 2017 18:40:00 GMT+0100 (CET) 18 H 40 M 0 S 804 ms
AtN_kFqLXrizyEw5AADi Data : acces_site Date : Tue Dec 19 2017 18:40:02 GMT+0100 (CET) 18 H 40 M 2 S 925 ms
te9ii4xeTlriKHWiAADk Connect at Date : Tue Dec 19 2017 18:40:02 GMT+0100 (CET) 18 H 40 M 2 S 999 ms
dkh1j1x2sKTprMAGAADl Connect at Date : Tue Dec 19 2017 18:40:03 GMT+0100 (CET) 18 H 40 M 3 S 131 ms
KM1dnalVdkaBI-LSAADN Data : soundtest Date : Tue Dec 19 2017 18:40:04 GMT+0100 (CET) 18 H 40 M 4 S 207 ms
rU2mN70uHs7TbBRXAAC3 Disonnect at Date : Tue Dec 19 2017 18:40:04 GMT+0100 (CET) 18 H 40 M 4 S 782 ms
BweFHyxjXhxIjhNyAAAC Disonnect at Date : Tue Dec 19 2017 18:40:07 GMT+0100 (CET) 18 H 40 M 7 S 220 ms
jEUJkvXqByg7MXO_AADm Connect at Date : Tue Dec 19 2017 18:40:07 GMT+0100 (CET) 18 H 40 M 7 S 427 ms
KM1dnalVdkaBI-LSAADN Data : acces_site Date : Tue Dec 19 2017 18:40:07 GMT+0100 (CET) 18 H 40 M 7 S 683 ms
t0bbjgS3VYlJsVbxAADX Disonnect at Date : Tue Dec 19 2017 18:40:13 GMT+0100 (CET) 18 H 40 M 13 S 348 ms
_0pZpgElYaTuVLfdAADa Disonnect at Date : Tue Dec 19 2017 18:40:15 GMT+0100 (CET) 18 H 40 M 15 S 542 ms
WgaNTFLan4rqeji0AADn Connect at Date : Tue Dec 19 2017 18:40:15 GMT+0100 (CET) 18 H 40 M 15 S 825 ms
WgaNTFLan4rqeji0AADn Data : init_appli Date : Tue Dec 19 2017 18:40:16 GMT+0100 (CET) 18 H 40 M 16 S 892 ms
WgaNTFLan4rqeji0AADn Data : acces_site Date : Tue Dec 19 2017 18:40:18 GMT+0100 (CET) 18 H 40 M 18 S 154 ms
bIDDoCC8HrJ2lM_3AADA Disonnect at Date : Tue Dec 19 2017 18:40:19 GMT+0100 (CET) 18 H 40 M 19 S 653 ms
ZAHfGIrIq4rtgqP6AADo Connect at Date : Tue Dec 19 2017 18:40:20 GMT+0100 (CET) 18 H 40 M 20 S 446 ms
lAqRSVkLKPjlLBRRAADh Data : acces_site Date : Tue Dec 19 2017 18:40:23 GMT+0100 (CET) 18 H 40 M 23 S 530 ms
F1dDVAc6BX-Ke2gGAADp Connect at Date : Tue Dec 19 2017 18:40:24 GMT+0100 (CET) 18 H 40 M 24 S 714 ms
AB0JSPdR-MDmXQJdAADq Connect at Date : Tue Dec 19 2017 18:40:26 GMT+0100 (CET) 18 H 40 M 26 S 417 ms
cBijuLyHABMX6MqkAADf Disonnect at Date : Tue Dec 19 2017 18:40:26 GMT+0100 (CET) 18 H 40 M 26 S 774 ms
Oo8_r1YXRZxPGc8qAACV Disonnect at Date : Tue Dec 19 2017 18:40:27 GMT+0100 (CET) 18 H 40 M 27 S 404 ms
eAehF7znGu52AEY9AADY Disonnect at Date : Tue Dec 19 2017 18:40:28 GMT+0100 (CET) 18 H 40 M 28 S 435 ms
E3PQq78no30QuzgLAADJ Disonnect at Date : Tue Dec 19 2017 18:40:28 GMT+0100 (CET) 18 H 40 M 28 S 439 ms
watcqCxmNpz1O8FmAADr Connect at Date : Tue Dec 19 2017 18:40:40 GMT+0100 (CET) 18 H 40 M 40 S 916 ms
AV0abphSv5vy2oL1AADs Connect at Date : Tue Dec 19 2017 18:40:45 GMT+0100 (CET) 18 H 40 M 45 S 598 ms
jEUJkvXqByg7MXO_AADm Disonnect at Date : Tue Dec 19 2017 18:41:02 GMT+0100 (CET) 18 H 41 M 2 S 508 ms
OzKeNSL-9ok9BOgjAADg Disonnect at Date : Tue Dec 19 2017 18:41:03 GMT+0100 (CET) 18 H 41 M 3 S 429 ms
uQmFfIMBPtXSEiZ0AADt Connect at Date : Tue Dec 19 2017 18:41:04 GMT+0100 (CET) 18 H 41 M 4 S 192 ms
sY-v1nYnhD47Qev-AADu Connect at Date : Tue Dec 19 2017 18:41:12 GMT+0100 (CET) 18 H 41 M 12 S 481 ms
sQJL29nwNtPz585qAADv Connect at Date : Tue Dec 19 2017 18:41:14 GMT+0100 (CET) 18 H 41 M 14 S 498 ms
_XeSE-VjWGGdXcymAADw Connect at Date : Tue Dec 19 2017 18:41:14 GMT+0100 (CET) 18 H 41 M 14 S 628 ms
L7d47E43bs2lmEAlAADW Disonnect at Date : Tue Dec 19 2017 18:41:15 GMT+0100 (CET) 18 H 41 M 15 S 691 ms
BgGqNDkUMoemPbzuAADx Connect at Date : Tue Dec 19 2017 18:41:16 GMT+0100 (CET) 18 H 41 M 16 S 138 ms
Ol1-1K8ffxI7Qc1nAADy Connect at Date : Tue Dec 19 2017 18:41:16 GMT+0100 (CET) 18 H 41 M 16 S 818 ms
tE4ZPRQvyh3gjmwDAADj Disonnect at Date : Tue Dec 19 2017 18:41:18 GMT+0100 (CET) 18 H 41 M 18 S 531 ms
6UV5QaxyNgGujW7wAADb Disonnect at Date : Tue Dec 19 2017 18:41:22 GMT+0100 (CET) 18 H 41 M 22 S 988 ms
dkh1j1x2sKTprMAGAADl Disonnect at Date : Tue Dec 19 2017 18:41:28 GMT+0100 (CET) 18 H 41 M 28 S 182 ms
tNx8SmPGX_C7NaAAAACi Disonnect at Date : Tue Dec 19 2017 18:41:28 GMT+0100 (CET) 18 H 41 M 28 S 508 ms
gXEzKHd4D1AhdiEfAADz Connect at Date : Tue Dec 19 2017 18:41:29 GMT+0100 (CET) 18 H 41 M 29 S 591 ms
Logar3MJr7g1YlvvAAD0 Connect at Date : Tue Dec 19 2017 18:41:30 GMT+0100 (CET) 18 H 41 M 30 S 973 ms
watcqCxmNpz1O8FmAADr Disonnect at Date : Tue Dec 19 2017 18:41:31 GMT+0100 (CET) 18 H 41 M 31 S 256 ms
ZAHfGIrIq4rtgqP6AADo Disonnect at Date : Tue Dec 19 2017 18:41:35 GMT+0100 (CET) 18 H 41 M 35 S 477 ms
cdzMwJIwraI0kqk0AAC2 Disonnect at Date : Tue Dec 19 2017 18:41:37 GMT+0100 (CET) 18 H 41 M 37 S 891 ms
t9T-qwRxTavBj8GmAAD1 Connect at Date : Tue Dec 19 2017 18:41:43 GMT+0100 (CET) 18 H 41 M 43 S 344 ms
t9T-qwRxTavBj8GmAAD1 Data : init_appli Date : Tue Dec 19 2017 18:41:45 GMT+0100 (CET) 18 H 41 M 45 S 65 ms
t9T-qwRxTavBj8GmAAD1 Data : soundtest Date : Tue Dec 19 2017 18:41:47 GMT+0100 (CET) 18 H 41 M 47 S 510 ms
ycHz8v8-P4xpMh1jAAD2 Connect at Date : Tue Dec 19 2017 18:41:48 GMT+0100 (CET) 18 H 41 M 48 S 419 ms
F1dDVAc6BX-Ke2gGAADp Disonnect at Date : Tue Dec 19 2017 18:41:49 GMT+0100 (CET) 18 H 41 M 49 S 837 ms
t9T-qwRxTavBj8GmAAD1 Data : acces_site Date : Tue Dec 19 2017 18:42:02 GMT+0100 (CET) 18 H 42 M 2 S 81 ms
_XeSE-VjWGGdXcymAADw Disonnect at Date : Tue Dec 19 2017 18:42:05 GMT+0100 (CET) 18 H 42 M 5 S 102 ms
sY-v1nYnhD47Qev-AADu Disonnect at Date : Tue Dec 19 2017 18:42:05 GMT+0100 (CET) 18 H 42 M 5 S 686 ms
AB0JSPdR-MDmXQJdAADq Disonnect at Date : Tue Dec 19 2017 18:42:06 GMT+0100 (CET) 18 H 42 M 6 S 473 ms
Ol1-1K8ffxI7Qc1nAADy Disonnect at Date : Tue Dec 19 2017 18:42:06 GMT+0100 (CET) 18 H 42 M 6 S 914 ms
o17w57uewS4BDd0vAAD3 Connect at Date : Tue Dec 19 2017 18:42:07 GMT+0100 (CET) 18 H 42 M 7 S 361 ms
dvh5qdaXLaddfP8PAAD4 Connect at Date : Tue Dec 19 2017 18:42:09 GMT+0100 (CET) 18 H 42 M 9 S 916 ms
uQmFfIMBPtXSEiZ0AADt Disonnect at Date : Tue Dec 19 2017 18:42:19 GMT+0100 (CET) 18 H 42 M 19 S 262 ms
gXEzKHd4D1AhdiEfAADz Disonnect at Date : Tue Dec 19 2017 18:42:19 GMT+0100 (CET) 18 H 42 M 19 S 706 ms
s9yJr3ljYVtA0eWrAACY Disonnect at Date : Tue Dec 19 2017 18:42:20 GMT+0100 (CET) 18 H 42 M 20 S 280 ms
nNXTV6MhN1vLY9BWAAD5 Connect at Date : Tue Dec 19 2017 18:42:21 GMT+0100 (CET) 18 H 42 M 21 S 434 ms
NWBdtpt1LYHRuR5YAAD6 Connect at Date : Tue Dec 19 2017 18:42:26 GMT+0100 (CET) 18 H 42 M 26 S 999 ms
0MLsBl6Vo6CK2Lh-AADI Disonnect at Date : Tue Dec 19 2017 18:42:31 GMT+0100 (CET) 18 H 42 M 31 S 432 ms
BgGqNDkUMoemPbzuAADx Disonnect at Date : Tue Dec 19 2017 18:42:31 GMT+0100 (CET) 18 H 42 M 31 S 575 ms
Gg_iBGs_GE2Ojp7IAADC Disonnect at Date : Tue Dec 19 2017 18:42:33 GMT+0100 (CET) 18 H 42 M 33 S 507 ms
gclUz5TIsZ9Sc4GUAAC0 Disonnect at Date : Tue Dec 19 2017 18:42:45 GMT+0100 (CET) 18 H 42 M 45 S 140 ms
yJYEzRWXhxDwhtc5AAD7 Connect at Date : Tue Dec 19 2017 18:42:48 GMT+0100 (CET) 18 H 42 M 48 S 86 ms
oE4VKZd_Z1L_bvKjAAD8 Connect at Date : Tue Dec 19 2017 18:42:55 GMT+0100 (CET) 18 H 42 M 55 S 694 ms
Logar3MJr7g1YlvvAAD0 Disonnect at Date : Tue Dec 19 2017 18:42:56 GMT+0100 (CET) 18 H 42 M 56 S 90 ms
7E5NhR6bS8LokomfAAD9 Connect at Date : Tue Dec 19 2017 18:42:58 GMT+0100 (CET) 18 H 42 M 58 S 427 ms
dvh5qdaXLaddfP8PAAD4 Disonnect at Date : Tue Dec 19 2017 18:43:00 GMT+0100 (CET) 18 H 43 M 0 S 684 ms
6HvzV6bkg2fRHvWjAAD- Connect at Date : Tue Dec 19 2017 18:43:09 GMT+0100 (CET) 18 H 43 M 9 S 28 ms
WTJZzwdLq3YQhkCIAAD_ Connect at Date : Tue Dec 19 2017 18:43:09 GMT+0100 (CET) 18 H 43 M 9 S 185 ms
M212ayYgEzyF5IrNAAEA Connect at Date : Tue Dec 19 2017 18:43:12 GMT+0100 (CET) 18 H 43 M 12 S 372 ms
AtN_kFqLXrizyEw5AADi Disonnect at Date : Tue Dec 19 2017 18:43:14 GMT+0100 (CET) 18 H 43 M 14 S 455 ms
AV0abphSv5vy2oL1AADs Disonnect at Date : Tue Dec 19 2017 18:43:15 GMT+0100 (CET) 18 H 43 M 15 S 669 ms
Et80OQpe7HdBACfuAAEB Connect at Date : Tue Dec 19 2017 18:43:16 GMT+0100 (CET) 18 H 43 M 16 S 292 ms
NWBdtpt1LYHRuR5YAAD6 Disonnect at Date : Tue Dec 19 2017 18:43:17 GMT+0100 (CET) 18 H 43 M 17 S 379 ms
USPjds2MBj7ghxZPAAEC Connect at Date : Tue Dec 19 2017 18:43:17 GMT+0100 (CET) 18 H 43 M 17 S 979 ms
M212ayYgEzyF5IrNAAEA Data : init_appli Date : Tue Dec 19 2017 18:43:19 GMT+0100 (CET) 18 H 43 M 19 S 211 ms
sQJL29nwNtPz585qAADv Disonnect at Date : Tue Dec 19 2017 18:43:19 GMT+0100 (CET) 18 H 43 M 19 S 544 ms
M212ayYgEzyF5IrNAAEA Data : acces_site Date : Tue Dec 19 2017 18:43:21 GMT+0100 (CET) 18 H 43 M 21 S 932 ms
48qmQAx2o9qWnItrAACX Disonnect at Date : Tue Dec 19 2017 18:43:22 GMT+0100 (CET) 18 H 43 M 22 S 376 ms
o17w57uewS4BDd0vAAD3 Disonnect at Date : Tue Dec 19 2017 18:43:22 GMT+0100 (CET) 18 H 43 M 22 S 427 ms
MzgGL6dDq3M0-ZwCAACb Disonnect at Date : Tue Dec 19 2017 18:43:24 GMT+0100 (CET) 18 H 43 M 24 S 391 ms
S2fp-XJ0XCOuUSBSAAAC Disonnect at Date : Tue Dec 19 2017 18:43:24 GMT+0100 (CET) 18 H 43 M 24 S 525 ms
DxXBGYVIIoN5Dem9AAAA Disonnect at Date : Tue Dec 19 2017 18:43:24 GMT+0100 (CET) 18 H 43 M 24 S 757 ms
zkEx22wWINAGZFp1AAAE Disonnect at Date : Tue Dec 19 2017 18:43:25 GMT+0100 (CET) 18 H 43 M 25 S 484 ms
uKv8QP0YscYzwpYZAABd Disonnect at Date : Tue Dec 19 2017 18:43:27 GMT+0100 (CET) 18 H 43 M 27 S 230 ms
ycHz8v8-P4xpMh1jAAD2 Disonnect at Date : Tue Dec 19 2017 18:43:28 GMT+0100 (CET) 18 H 43 M 28 S 476 ms
bROmoEx5t88a5UgbAACq Disonnect at Date : Tue Dec 19 2017 18:43:29 GMT+0100 (CET) 18 H 43 M 29 S 17 ms
LeLosLwTS6CG3qYZAAED Connect at Date : Tue Dec 19 2017 18:43:30 GMT+0100 (CET) 18 H 43 M 30 S 276 ms
oIl9nwiinB3AakmmAADc Disonnect at Date : Tue Dec 19 2017 18:43:30 GMT+0100 (CET) 18 H 43 M 30 S 346 ms
9ZjP9h6pjYPIIr0pAAEE Connect at Date : Tue Dec 19 2017 18:43:31 GMT+0100 (CET) 18 H 43 M 31 S 457 ms
fVshysvODk_kv8FoAADS Disonnect at Date : Tue Dec 19 2017 18:43:31 GMT+0100 (CET) 18 H 43 M 31 S 612 ms
CAGgL9aHCm6bld0gAACT Disonnect at Date : Tue Dec 19 2017 18:43:32 GMT+0100 (CET) 18 H 43 M 32 S 510 ms
Ml8Cc-m-EaeWJ4WuAAEF Connect at Date : Tue Dec 19 2017 18:43:32 GMT+0100 (CET) 18 H 43 M 32 S 563 ms
ANRKg9EpDy7az-TOAACz Disonnect at Date : Tue Dec 19 2017 18:43:33 GMT+0100 (CET) 18 H 43 M 33 S 89 ms
Hyj4xiQu_lXxuDugAAC7 Disonnect at Date : Tue Dec 19 2017 18:43:34 GMT+0100 (CET) 18 H 43 M 34 S 583 ms
_LbMsnXyPtJUCtfcAAA6 Disonnect at Date : Tue Dec 19 2017 18:43:35 GMT+0100 (CET) 18 H 43 M 35 S 382 ms
dt1HKGpmUEzjcxK3AACk Disonnect at Date : Tue Dec 19 2017 18:43:35 GMT+0100 (CET) 18 H 43 M 35 S 568 ms
g2_kMqenhypvrlFSAADT Disonnect at Date : Tue Dec 19 2017 18:43:35 GMT+0100 (CET) 18 H 43 M 35 S 687 ms
WgaNTFLan4rqeji0AADn Disonnect at Date : Tue Dec 19 2017 18:43:35 GMT+0100 (CET) 18 H 43 M 35 S 972 ms
7M-WqDOpJ4wLeINxAACh Disonnect at Date : Tue Dec 19 2017 18:43:37 GMT+0100 (CET) 18 H 43 M 37 S 967 ms
xyiGsi8UaLchP5fQAAB9 Disonnect at Date : Tue Dec 19 2017 18:43:38 GMT+0100 (CET) 18 H 43 M 38 S 321 ms
Ml8Cc-m-EaeWJ4WuAAEF Data : init_appli Date : Tue Dec 19 2017 18:43:41 GMT+0100 (CET) 18 H 43 M 41 S 405 ms
uk9tAla-JPYXC8V4AAB0 Disonnect at Date : Tue Dec 19 2017 18:43:41 GMT+0100 (CET) 18 H 43 M 41 S 791 ms
LeLosLwTS6CG3qYZAAED Disonnect at Date : Tue Dec 19 2017 18:43:48 GMT+0100 (CET) 18 H 43 M 48 S 195 ms
Ml8Cc-m-EaeWJ4WuAAEF Data : soundtest Date : Tue Dec 19 2017 18:43:48 GMT+0100 (CET) 18 H 43 M 48 S 769 ms
tQ6Xj2KEgHz53rdyAAEG Connect at Date : Tue Dec 19 2017 18:43:52 GMT+0100 (CET) 18 H 43 M 52 S 160 ms
tQ6Xj2KEgHz53rdyAAEG Disonnect at Date : Tue Dec 19 2017 18:43:53 GMT+0100 (CET) 18 H 43 M 53 S 650 ms
Ml8Cc-m-EaeWJ4WuAAEF Data : acces_site Date : Tue Dec 19 2017 18:43:56 GMT+0100 (CET) 18 H 43 M 56 S 226 ms
dFiGMouhsdf6MWfsAADd Disonnect at Date : Tue Dec 19 2017 18:44:02 GMT+0100 (CET) 18 H 44 M 2 S 549 ms
USPjds2MBj7ghxZPAAEC Disonnect at Date : Tue Dec 19 2017 18:44:08 GMT+0100 (CET) 18 H 44 M 8 S 161 ms
oE4VKZd_Z1L_bvKjAAD8 Disonnect at Date : Tue Dec 19 2017 18:44:14 GMT+0100 (CET) 18 H 44 M 14 S 727 ms
ANlMJNai9OBT82BMAABy Disonnect at Date : Tue Dec 19 2017 18:44:22 GMT+0100 (CET) 18 H 44 M 22 S 336 ms
CATciZTh-cU8XgrCAAEH Connect at Date : Tue Dec 19 2017 18:44:23 GMT+0100 (CET) 18 H 44 M 23 S 428 ms
DoIe43KJ_nlQcF-pAAAD Connect at Date : Tue Dec 19 2017 18:44:36 GMT+0100 (CET) 18 H 44 M 36 S 87 ms
5RJbG4TVzqQkUlfjAAEI Connect at Date : Tue Dec 19 2017 18:44:38 GMT+0100 (CET) 18 H 44 M 38 S 675 ms
3vADxHMG6GxuVpAbAAEJ Connect at Date : Tue Dec 19 2017 18:44:40 GMT+0100 (CET) 18 H 44 M 40 S 590 ms
1ZPhoLedZV1Te2vsAABb Disonnect at Date : Tue Dec 19 2017 18:44:43 GMT+0100 (CET) 18 H 44 M 43 S 161 ms
9ZjP9h6pjYPIIr0pAAEE Disonnect at Date : Tue Dec 19 2017 18:44:46 GMT+0100 (CET) 18 H 44 M 46 S 486 ms
Ml8Cc-m-EaeWJ4WuAAEF Disonnect at Date : Tue Dec 19 2017 18:44:48 GMT+0100 (CET) 18 H 44 M 48 S 4 ms
sp8uvQ5nsmWXOMWnAAEK Connect at Date : Tue Dec 19 2017 18:44:48 GMT+0100 (CET) 18 H 44 M 48 S 508 ms
sp8uvQ5nsmWXOMWnAAEK Data : init_appli Date : Tue Dec 19 2017 18:44:50 GMT+0100 (CET) 18 H 44 M 50 S 256 ms
MPgVGNqZMvR6J2Q8AAC8 Disonnect at Date : Tue Dec 19 2017 18:44:51 GMT+0100 (CET) 18 H 44 M 51 S 452 ms
sp8uvQ5nsmWXOMWnAAEK Data : acces_site Date : Tue Dec 19 2017 18:44:51 GMT+0100 (CET) 18 H 44 M 51 S 470 ms
pQygri6Mg_3qRLv9AADe Disonnect at Date : Tue Dec 19 2017 18:44:53 GMT+0100 (CET) 18 H 44 M 53 S 287 ms
User all Page page('espace') Tue Dec 19 2017 18:44:53 GMT+0100 (CET) 18 H 44 M 53 S 371 ms
U7ZN1-1btadEn7-EAAEL Connect at Date : Tue Dec 19 2017 18:45:05 GMT+0100 (CET) 18 H 45 M 5 S 870 ms
sp8uvQ5nsmWXOMWnAAEK Disonnect at Date : Tue Dec 19 2017 18:45:07 GMT+0100 (CET) 18 H 45 M 7 S 682 ms
ls06G1WQCwK2phULAAEM Connect at Date : Tue Dec 19 2017 18:45:09 GMT+0100 (CET) 18 H 45 M 9 S 615 ms
yJYEzRWXhxDwhtc5AAD7 Disonnect at Date : Tue Dec 19 2017 18:45:14 GMT+0100 (CET) 18 H 45 M 14 S 441 ms
11q5bcMjtxvl9LGiAAEN Connect at Date : Tue Dec 19 2017 18:45:16 GMT+0100 (CET) 18 H 45 M 16 S 286 ms
OwkgHaOfX7rD6JTOAACW Disonnect at Date : Tue Dec 19 2017 18:45:19 GMT+0100 (CET) 18 H 45 M 19 S 689 ms
te9ii4xeTlriKHWiAADk Disonnect at Date : Tue Dec 19 2017 18:45:28 GMT+0100 (CET) 18 H 45 M 28 S 458 ms
7E5NhR6bS8LokomfAAD9 Disonnect at Date : Tue Dec 19 2017 18:45:38 GMT+0100 (CET) 18 H 45 M 38 S 877 ms
nNXTV6MhN1vLY9BWAAD5 Disonnect at Date : Tue Dec 19 2017 18:45:43 GMT+0100 (CET) 18 H 45 M 43 S 379 ms
V16Av2W8FTN1nN9hAAAD Disonnect at Date : Tue Dec 19 2017 18:45:43 GMT+0100 (CET) 18 H 45 M 43 S 379 ms
bmDdNr1psM22V_BGAAAC Disonnect at Date : Tue Dec 19 2017 18:45:43 GMT+0100 (CET) 18 H 45 M 43 S 379 ms
KM1dnalVdkaBI-LSAADN Disonnect at Date : Tue Dec 19 2017 18:45:43 GMT+0100 (CET) 18 H 45 M 43 S 379 ms
t9T-qwRxTavBj8GmAAD1 Disonnect at Date : Tue Dec 19 2017 18:45:43 GMT+0100 (CET) 18 H 45 M 43 S 379 ms
DoIe43KJ_nlQcF-pAAAD Disonnect at Date : Tue Dec 19 2017 18:45:43 GMT+0100 (CET) 18 H 45 M 43 S 379 ms
6GdiFj2InXRVx4s-AACm Disonnect at Date : Tue Dec 19 2017 18:45:43 GMT+0100 (CET) 18 H 45 M 43 S 379 ms
lAqRSVkLKPjlLBRRAADh Disonnect at Date : Tue Dec 19 2017 18:45:43 GMT+0100 (CET) 18 H 45 M 43 S 379 ms
U-7xL3JhSe-aZ4dMAAAP Disonnect at Date : Tue Dec 19 2017 18:45:43 GMT+0100 (CET) 18 H 45 M 43 S 379 ms
Ye1ILS7vb5GbLgUzAAAY Disonnect at Date : Tue Dec 19 2017 18:45:43 GMT+0100 (CET) 18 H 45 M 43 S 380 ms
RHkJc1gpMXvQTr0mAACj Disonnect at Date : Tue Dec 19 2017 18:45:43 GMT+0100 (CET) 18 H 45 M 43 S 380 ms
Et80OQpe7HdBACfuAAEB Disonnect at Date : Tue Dec 19 2017 18:45:43 GMT+0100 (CET) 18 H 45 M 43 S 380 ms
WTJZzwdLq3YQhkCIAAD_ Disonnect at Date : Tue Dec 19 2017 18:45:43 GMT+0100 (CET) 18 H 45 M 43 S 380 ms
M212ayYgEzyF5IrNAAEA Disonnect at Date : Tue Dec 19 2017 18:45:43 GMT+0100 (CET) 18 H 45 M 43 S 380 ms
3vADxHMG6GxuVpAbAAEJ Disonnect at Date : Tue Dec 19 2017 18:45:43 GMT+0100 (CET) 18 H 45 M 43 S 380 ms
WGfDgcbryH-_lagxAAEO Connect at Date : Tue Dec 19 2017 18:46:01 GMT+0100 (CET) 18 H 46 M 1 S 372 ms
5RJbG4TVzqQkUlfjAAEI Disonnect at Date : Tue Dec 19 2017 18:46:04 GMT+0100 (CET) 18 H 46 M 4 S 316 ms
User all Page page('espace') Tue Dec 19 2017 18:46:04 GMT+0100 (CET) 18 H 46 M 4 S 976 ms
User all Page page('espace') Tue Dec 19 2017 18:46:30 GMT+0100 (CET) 18 H 46 M 30 S 449 ms
-ENd8x3SYDL1MD9xAAAF Disonnect at Date : Tue Dec 19 2017 18:47:12 GMT+0100 (CET) 18 H 47 M 12 S 831 ms
User all Page page('espace') Tue Dec 19 2017 18:47:35 GMT+0100 (CET) 18 H 47 M 35 S 776 ms
OTtXrgQOrEHPxkuLAAEP Connect at Date : Tue Dec 19 2017 18:47:52 GMT+0100 (CET) 18 H 47 M 52 S 370 ms
z8x0-iNydqors_vUAAEQ Connect at Date : Tue Dec 19 2017 18:47:54 GMT+0100 (CET) 18 H 47 M 54 S 154 ms
vxNQ-L4G7ccfj94uAAER Connect at Date : Tue Dec 19 2017 18:48:06 GMT+0100 (CET) 18 H 48 M 6 S 952 ms
6HvzV6bkg2fRHvWjAAD- Disonnect at Date : Tue Dec 19 2017 18:48:07 GMT+0100 (CET) 18 H 48 M 7 S 674 ms
ls06G1WQCwK2phULAAEM Disonnect at Date : Tue Dec 19 2017 18:48:07 GMT+0100 (CET) 18 H 48 M 7 S 675 ms
U7ZN1-1btadEn7-EAAEL Disonnect at Date : Tue Dec 19 2017 18:48:07 GMT+0100 (CET) 18 H 48 M 7 S 675 ms
vxNQ-L4G7ccfj94uAAER Disonnect at Date : Tue Dec 19 2017 18:48:07 GMT+0100 (CET) 18 H 48 M 7 S 676 ms
vzRGudA8wgZdF_viAAAB Disonnect at Date : Tue Dec 19 2017 18:48:07 GMT+0100 (CET) 18 H 48 M 7 S 676 ms
OTtXrgQOrEHPxkuLAAEP Disonnect at Date : Tue Dec 19 2017 18:48:07 GMT+0100 (CET) 18 H 48 M 7 S 677 ms
11q5bcMjtxvl9LGiAAEN Disonnect at Date : Tue Dec 19 2017 18:48:07 GMT+0100 (CET) 18 H 48 M 7 S 677 ms
CATciZTh-cU8XgrCAAEH Disonnect at Date : Tue Dec 19 2017 18:48:07 GMT+0100 (CET) 18 H 48 M 7 S 677 ms
z8x0-iNydqors_vUAAEQ Disonnect at Date : Tue Dec 19 2017 18:48:07 GMT+0100 (CET) 18 H 48 M 7 S 677 ms
WGfDgcbryH-_lagxAAEO Disonnect at Date : Tue Dec 19 2017 18:48:07 GMT+0100 (CET) 18 H 48 M 7 S 678 ms
davCfajhskLiOTguAAES Connect at Date : Tue Dec 19 2017 18:48:14 GMT+0100 (CET) 18 H 48 M 14 S 394 ms
mUXenF_Gbfld9gD9AAET Connect at Date : Tue Dec 19 2017 18:48:14 GMT+0100 (CET) 18 H 48 M 14 S 451 ms
wpxMv9MC0xrK-Wz5AAEU Connect at Date : Tue Dec 19 2017 18:48:14 GMT+0100 (CET) 18 H 48 M 14 S 697 ms
ImkZBUAZQkLbAPahAAEV Connect at Date : Tue Dec 19 2017 18:48:14 GMT+0100 (CET) 18 H 48 M 14 S 982 ms
tlfOpp152C4Jvyk-AAEW Connect at Date : Tue Dec 19 2017 18:48:15 GMT+0100 (CET) 18 H 48 M 15 S 593 ms
ckWh4tgcYP8xhXnkAAEX Connect at Date : Tue Dec 19 2017 18:48:16 GMT+0100 (CET) 18 H 48 M 16 S 698 ms
YSMDRQrabp_T4XKvAAEY Connect at Date : Tue Dec 19 2017 18:48:17 GMT+0100 (CET) 18 H 48 M 17 S 151 ms
eKI3X17_QgUIDNilAAAC Connect at Date : Tue Dec 19 2017 18:48:17 GMT+0100 (CET) 18 H 48 M 17 S 728 ms
-vi3aW8BQRv2BXtnAAEZ Connect at Date : Tue Dec 19 2017 18:48:17 GMT+0100 (CET) 18 H 48 M 17 S 962 ms
DRk3bURPUyuzpCbiAAEa Connect at Date : Tue Dec 19 2017 18:48:24 GMT+0100 (CET) 18 H 48 M 24 S 592 ms
DRk3bURPUyuzpCbiAAEa Disonnect at Date : Tue Dec 19 2017 18:48:25 GMT+0100 (CET) 18 H 48 M 25 S 707 ms
cOuWeLUpXx4mNK5KAAEb Connect at Date : Tue Dec 19 2017 18:48:25 GMT+0100 (CET) 18 H 48 M 25 S 830 ms
cOuWeLUpXx4mNK5KAAEb Data : init_appli Date : Tue Dec 19 2017 18:48:26 GMT+0100 (CET) 18 H 48 M 26 S 302 ms
cOuWeLUpXx4mNK5KAAEb Data : acces_site Date : Tue Dec 19 2017 18:48:27 GMT+0100 (CET) 18 H 48 M 27 S 368 ms
wpxMv9MC0xrK-Wz5AAEU Data : init_appli Date : Tue Dec 19 2017 18:48:31 GMT+0100 (CET) 18 H 48 M 31 S 401 ms
wpxMv9MC0xrK-Wz5AAEU Data : acces_site Date : Tue Dec 19 2017 18:48:32 GMT+0100 (CET) 18 H 48 M 32 S 955 ms
-vi3aW8BQRv2BXtnAAEZ Disonnect at Date : Tue Dec 19 2017 18:48:44 GMT+0100 (CET) 18 H 48 M 44 S 507 ms
eKI3X17_QgUIDNilAAAC Disonnect at Date : Tue Dec 19 2017 18:48:44 GMT+0100 (CET) 18 H 48 M 44 S 507 ms
cOuWeLUpXx4mNK5KAAEb Disonnect at Date : Tue Dec 19 2017 18:48:44 GMT+0100 (CET) 18 H 48 M 44 S 507 ms
YSMDRQrabp_T4XKvAAEY Disonnect at Date : Tue Dec 19 2017 18:48:44 GMT+0100 (CET) 18 H 48 M 44 S 507 ms
tlfOpp152C4Jvyk-AAEW Disonnect at Date : Tue Dec 19 2017 18:48:44 GMT+0100 (CET) 18 H 48 M 44 S 508 ms
ImkZBUAZQkLbAPahAAEV Disonnect at Date : Tue Dec 19 2017 18:48:44 GMT+0100 (CET) 18 H 48 M 44 S 508 ms
wpxMv9MC0xrK-Wz5AAEU Disonnect at Date : Tue Dec 19 2017 18:48:44 GMT+0100 (CET) 18 H 48 M 44 S 508 ms
ckWh4tgcYP8xhXnkAAEX Disonnect at Date : Tue Dec 19 2017 18:48:44 GMT+0100 (CET) 18 H 48 M 44 S 509 ms
mUXenF_Gbfld9gD9AAET Disonnect at Date : Tue Dec 19 2017 18:48:44 GMT+0100 (CET) 18 H 48 M 44 S 509 ms
davCfajhskLiOTguAAES Disonnect at Date : Tue Dec 19 2017 18:48:44 GMT+0100 (CET) 18 H 48 M 44 S 509 ms
